================================================================================
== Profile: REAL-TIME, CPU-freq = 5.20 GHz
                                                          Calls Real-Time  Parent 
                                                                  (milli) fraction

    <zixl_543IiP35>~_zixl                                                1     731.0 (100.0%)
  zixl_5eAt1-I3L-ePP4~_zixl                                              1     731.0         
    zixl_5eAt1-I3L-1LqiL1~_zixl                                          7      13.6 (  1.9%)
      zixl_IAI-iZ4e-5Pet1~_zixl                                          7      12.9 ( 95.2%)
        zixl_IAI-5Pet1~_zixl                                             7      11.4 ( 88.1%)
          zixl_IAI-5Pet1-5Pet1~_zixl                                     7      10.9 ( 95.3%)
            zixl_irY-5Pet1~_zixl                                         7      10.8 ( 99.9%)
              zixl_irY-52I1Lq271L~_zixl                                 15       8.3 ( 76.7%)
                zixl_irY-q1L1IAeiz1~_zixl                              130       6.2 ( 75.0%)
                  zixl_irY-Zir~_zixl                                   130       5.5 ( 88.6%)
                    zixl_irY-rPL51r32iPL [R]~_zixl                     458       3.6 ( 64.9%)
                    zixl_irY-34~_zixl                                  253       1.7 ( 31.5%)
                      zixl_5r5-5Pet1 [T]~_zixl                         319       1.0 ( 54.5%)
                      zixl_5Pet1 [G]~_zixl                             253       0.1 (  6.2%)
                      zixl_L1U-tAI [RY]~_zixl                          420       0.0 (  1.9%)
                      <zixl_I152>~_zixl                                          0.6 ( 36.5%)
                    <zixl_I152>~_zixl                                            0.1 (  1.8%)
                    <zixl_58i441S>~_zixl                                         0.1 (  1.7%)
                  zixl_irY-rPL51r32iPL [T]~_zixl                        81       0.5 (  8.4%)
                  zixl_irY-ASSb3y1 [E]~_zixl                           130       0.1 (  1.6%)
                zixl_irY-rPL51r32iPL [E]~_zixl                         174       1.7 ( 20.4%)
                zixl_5r5-5Pet1 [E]~_zixl                                38       0.2 (  2.6%)
                zixl_irY-52A21p6[gIPL2i1I]~_zixl                        24       0.1 (  1.1%)
                  zixl_5Pet1 [Y]~_zixl                                  24       0.1 ( 61.3%)
                  <zixl_I152>~_zixl                                              0.0 ( 38.7%)
              zixl_irY-4IP4AqA21 [E]~_zixl                              14       1.1 ( 10.4%)
              zixl_irY-yA51bA515~_zixl                                   7       0.4 (  4.1%)
                zixl_5Pet1 [R]~_zixl                                    13       0.1 ( 28.3%)
                zixl_IAI-6iI1dA61~_zixl                                  4       0.1 ( 18.0%)
                  zixl_5eAt1-512-6iI1S~_zixl                             3       0.0 ( 58.1%)
                    zixl_A5iP-51LS [Y]~_zixl                             3       0.0 ( 79.9%)
                    <zixl_I152>~_zixl                                            0.0 ( 20.1%)
                  zixl_95eAt1-6iI1-2IAr1~_zixl                           1       0.0 ( 21.9%)
                    zixl_A5iP-51LS [F]~_zixl                             1       0.0 ( 52.4%)
                    <zixl_I152>~_zixl                                            0.0 ( 47.6%)
                  zixl_IAI-S1rPL52I3r2 [E]~_zixl                         4       0.0 (  3.1%)
                  <zixl_I152>~_zixl                                              0.0 ( 16.9%)
                zixl_L1U-tAI [T]~_zixl                                 143       0.0 (  5.7%)
                zixl_55-ASSdP3Ir1 [E]~_zixl                             58       0.0 (  1.3%)
                <zixl_I152>~_zixl                                                0.2 ( 46.6%)
              zixl_irY-ePqaIPP6~_zixl                                    2       0.3 (  2.6%)
                zixl_irY-iZ4IPt1~_zixl                                   2       0.2 ( 62.9%)
                  zixl_irY-rPL51r32iPL [Y]~_zixl                        23       0.2 ( 96.4%)
                  <zixl_I152>~_zixl                                              0.0 (  2.6%)
                zixl_4r-I14PI2aIPP6 [E]~_zixl                            2       0.1 ( 28.0%)
                zixl_IAI-4IPt1 [R]~_zixl                                 2       0.0 (  5.2%)
                <zixl_I152>~_zixl                                                0.0 (  3.9%)
              zixl_irY-5Pet1[rPL6iq3I1]~_zixl                            3       0.3 (  2.4%)
                zixl_irY-rPL6iq3I1xi62gIPL2i1I~_zixl                     3       0.2 ( 60.2%)
                  zixl_L1U-tAI [Y]~_zixl                                71       0.0 (  6.4%)
                  zixl_55-ASSdP3Ir1 [T]~_zixl                            9       0.0 (  1.3%)
                  <zixl_I152>~_zixl                                              0.1 ( 90.9%)
                  <zixl_58i441S>~_zixl                                           0.0 (  1.4%)
                zixl_irY-rPL6iq3I1gIPL2i1I~_zixl                         3       0.1 ( 24.2%)
                  zixl_L1U-tAI [D]~_zixl                                77       0.0 ( 19.5%)
                  zixl_I1ZPt1-5A2i56i1S [T]~_zixl                       15       0.0 (  3.7%)
                  zixl_55-ASSdP3Ir1 [Y]~_zixl                           12       0.0 (  2.0%)
                  <zixl_I152>~_zixl                                              0.0 ( 73.5%)
                  <zixl_58i441S>~_zixl                                           0.0 (  1.2%)
                zixl_irY-I1512dPet1I5 [E]~_zixl                          3       0.0 (  8.7%)
                zixl_5r5-I1512 [E]~_zixl                                 3       0.0 (  2.4%)
                zixl_55-I1512 [T]~_zixl                                  3       0.0 (  2.1%)
                <zixl_I152>~_zixl                                                0.0 (  2.4%)
              zixl_IAI-4IPt1 [E]~_zixl                                  15       0.2 (  1.9%)
              zixl_irY-I1512dPet1I5 [R]~_zixl                           12       0.2 (  1.6%)
          zixl_IAI-51234~_zixl                                           7       0.5 (  4.3%)
            zixl_55-I1512 [R]~_zixl                                     56       0.3 ( 62.2%)
            <zixl_I152>~_zixl                                                    0.2 ( 37.3%)
        <zixl_I152>~_zixl                                                        1.4 ( 11.0%)
      <zixl_I152>~_zixl                                                          0.5 (  3.5%)
      <zixl_58i441S>~_zixl                                                       0.2 (  1.3%)
    <zixl_I152>~_zixl                                                          717.3 ( 98.1%)

  <zixl_58i441S>~_zixl                                                          22.8 (  3.1%)

================================================================================
== Profile: PEAK-MEMORY, CPU-freq = 5.20 GHz
                                                          Calls   Peak-Mb         
                                                                                  

    <zixl_543IiP35>~_zixl                                                1      12.0 (100.0%)
  zixl_5eAt1-I3L-ePP4~_zixl                                              1      12.0         
    zixl_5eAt1-I3L-1LqiL1~_zixl                                          7      12.0 (100.0%)
      zixl_IAI-iZ4e-5Pet1~_zixl                                          7      12.0 (100.0%)
        zixl_IAI-5Pet1~_zixl                                             7      12.0 (100.0%)
          zixl_IAI-51234~_zixl                                           7       8.0 ( 66.7%)
            zixl_55-I1512 [R]~_zixl                                     56       8.0 (100.0%)
          zixl_IAI-5Pet1-5Pet1~_zixl                                     7       4.0 ( 33.3%)
            zixl_irY-5Pet1~_zixl                                         7       4.0 (100.0%)
              zixl_irY-yA51bA515~_zixl                                   7       4.0 (100.0%)
                zixl_5Pet1 [R]~_zixl                                    13       4.0 (100.0%)

    zixl_55-I1512~_zixl                                                 86       8.0 ( 66.7%)
    zixl_5Pet1~_zixl                                                    68       4.0 ( 33.3%)
  zixl_L1U-r73L8~_zixl                                                 154      12.0         

    zixl_IAI-51234~_zixl                                                56       8.0 (100.0%)
  zixl_55-I1512~_zixl                                                   86       8.0         
    zixl_L1U-r73L8 [E]~_zixl                                            86       8.0 (100.0%)

    zixl_irY-yA51bA515~_zixl                                            13       4.0 (100.0%)
  zixl_5Pet1~_zixl                                                    1782       4.0         
    zixl_L1U-r73L8 [R]~_zixl                                            68       4.0 (100.0%)

