================================================================================
== Profile: REAL-TIME, CPU-freq = 5.20 GHz
                                                          Calls Real-Time  Parent 
                                                                  (milli) fraction

    <zixl_543IiP35>~_zixl                                                1     750.4 (100.0%)
  zixl_5eAt1-I3L-ePP4~_zixl                                              1     750.4         
    zixl_5eAt1-I3L-1LqiL1~_zixl                                          8      14.0 (  1.9%)
      zixl_yZr~_zixl                                                  1318       7.3 ( 51.9%)
        zixl_A553Z1~_zixl                                             1318       7.0 ( 96.9%)
          zixl_3LIPee-1921LS-ZA4 [R]~_zixl                             500       0.2 (  3.3%)
          <zixl_I152>~_zixl                                                      6.8 ( 96.7%)
        zixl_7ALSe1-3L5A2~_zixl                                       1314       0.1 (  1.6%)
          zixl_192IAr2-A553Z15~_zixl                                  1314       0.1 ( 65.4%)
            zixl_q12-rPL6eir2~_zixl                                   1314       0.0 ( 49.6%)
            <zixl_I152>~_zixl                                                    0.0 ( 50.4%)
          <zixl_I152>~_zixl                                                      0.0 ( 34.6%)
      zixl_iLS3r2iPL~_zixl                                              59       5.4 ( 38.3%)
        zixl_IUTe-y3ieS-6IPZ-AIIAO~_zixl                                 1       1.9 ( 35.0%)
        zixl_5Pet1 [E]~_zixl                                            58       1.8 ( 33.1%)
        zixl_reA35i6O [E]~_zixl                                         57       0.8 ( 14.7%)
        zixl_ZAI8-ePqir [E]~_zixl                                       58       0.1 (  1.1%)
        <zixl_I152>~_zixl                                                        0.8 ( 14.6%)
        <zixl_58i441S>~_zixl                                                     0.1 (  1.5%)
      zixl_A5iP-I1rt [E]~_zixl                                           1       0.2 (  1.3%)
      <zixl_I152>~_zixl                                                          1.0 (  7.0%)
      <zixl_58i441S>~_zixl                                                       0.2 (  1.6%)
    <zixl_I152>~_zixl                                                          736.2 ( 98.1%)


================================================================================
== Profile: PEAK-MEMORY, CPU-freq = 5.20 GHz
                                                          Calls   Peak-Mb         
                                                                                  

    <zixl_543IiP35>~_zixl                                                1      20.0 (100.0%)
  zixl_5eAt1-I3L-ePP4~_zixl                                              1      20.0         
    zixl_5eAt1-I3L-1LqiL1~_zixl                                          8      20.0 (100.0%)
      zixl_yZr~_zixl                                                  1318      20.0 (100.0%)
        zixl_A553Z1~_zixl                                             1318      20.0 (100.0%)
          zixl_3LIPee-1921LS-ZA4 [R]~_zixl                             500       4.0 ( 20.0%)
          <zixl_I152>~_zixl                                                     16.0 ( 80.0%)

    zixl_A553Z1~_zixl                                                  500       4.0 (100.0%)
  zixl_3LIPee-1921LS-ZA4~_zixl                                         530       4.0         

