================================================================================
== Profile: REAL-TIME, CPU-freq = 5.20 GHz
                                                          Calls Real-Time  Parent 
                                                                  (milli) fraction

    <zixl_543IiP35>~_zixl                                                1     738.3 (100.0%)
  zixl_5eAt1-I3L-ePP4~_zixl                                              1     738.3         
    zixl_5eAt1-I3L-1LqiL1~_zixl                                         13      13.6 (  1.8%)
      zixl_IAI-iZ4e-5Pet1~_zixl                                         13      12.8 ( 94.1%)
        zixl_IAI-5Pet1~_zixl                                            13      10.6 ( 82.6%)
          zixl_IAI-5Pet1-5Pet1~_zixl                                    13      10.0 ( 94.5%)
            zixl_irY-5Pet1~_zixl                                        13      10.0 ( 99.9%)
              zixl_irY-52I1Lq271L~_zixl                                 10       6.3 ( 62.7%)
                zixl_irY-q1L1IAeiz1~_zixl                              101       4.5 ( 72.1%)
                  zixl_irY-Zir~_zixl                                   101       4.0 ( 87.5%)
                    zixl_irY-rPL51r32iPL [R]~_zixl                     307       2.5 ( 62.8%)
                    zixl_irY-34~_zixl                                  176       1.3 ( 34.0%)
                      zixl_5r5-5Pet1 [T]~_zixl                         208       0.8 ( 59.8%)
                      zixl_5Pet1 [G]~_zixl                             176       0.1 (  5.9%)
                      zixl_L1U-tAI [RY]~_zixl                          274       0.0 (  1.7%)
                      <zixl_I152>~_zixl                                          0.4 ( 31.8%)
                    <zixl_I152>~_zixl                                            0.1 (  1.7%)
                    <zixl_58i441S>~_zixl                                         0.1 (  1.5%)
                  zixl_irY-rPL51r32iPL [T]~_zixl                        66       0.4 (  9.4%)
                  zixl_irY-ASSb3y1 [E]~_zixl                           101       0.1 (  1.7%)
                zixl_irY-rPL51r32iPL [E]~_zixl                         139       1.5 ( 23.5%)
                zixl_5r5-5Pet1 [E]~_zixl                                26       0.1 (  2.4%)
                zixl_irY-52A21p6[gIPL2i1I]~_zixl                        16       0.1 (  1.1%)
                  zixl_5Pet1 [Y]~_zixl                                  16       0.0 ( 62.1%)
                  <zixl_I152>~_zixl                                              0.0 ( 37.9%)
              zixl_irY-4IP4AqA21~_zixl                                  10       2.5 ( 24.7%)
                zixl_irY-U1A8bPL51r32iPL~_zixl                         122       2.3 ( 92.6%)
                  zixl_5r5-5Pet1 [Y]~_zixl                             122       2.2 ( 96.7%)
                  <zixl_I152>~_zixl                                              0.1 (  3.3%)
                zixl_4r-I14PI2aIPP6 [E]~_zixl                            2       0.0 (  1.7%)
                <zixl_I152>~_zixl                                                0.1 (  4.8%)
              zixl_irY-yA51bA515~_zixl                                  13       0.6 (  5.9%)
                zixl_5Pet1 [R]~_zixl                                    17       0.2 ( 38.1%)
                zixl_IAI-6iI1dA61~_zixl                                 10       0.1 ( 23.0%)
                  zixl_95eAt1-6iI1-2IAr1~_zixl                           4       0.1 ( 44.1%)
                    zixl_A5iP-51LS [Y]~_zixl                             4       0.0 ( 53.7%)
                    <zixl_I152>~_zixl                                            0.0 ( 46.3%)
                  zixl_5eAt1-512-6iI1S~_zixl                             6       0.1 ( 40.6%)
                    zixl_A5iP-51LS [F]~_zixl                             6       0.0 ( 75.6%)
                    <zixl_I152>~_zixl                                            0.0 ( 24.4%)
                  zixl_IAI-S1rPL52I3r2 [E]~_zixl                        10       0.0 (  2.7%)
                  <zixl_I152>~_zixl                                              0.0 ( 12.7%)
                zixl_L1U-tAI [T]~_zixl                                 121       0.0 (  3.7%)
                zixl_55-ASSdP3Ir1 [R]~_zixl                             57       0.0 (  1.0%)
                <zixl_I152>~_zixl                                                0.2 ( 34.3%)
              zixl_irY-ePqaIPP6~_zixl                                    2       0.3 (  2.6%)
                zixl_irY-iZ4IPt1~_zixl                                   2       0.2 ( 65.4%)
                  zixl_irY-rPL51r32iPL [Y]~_zixl                        24       0.2 ( 95.8%)
                  zixl_irY-ASSb3y1 [Y]~_zixl                            20       0.0 (  1.1%)
                  <zixl_I152>~_zixl                                              0.0 (  3.1%)
                zixl_4r-I14PI2aIPP6 [R]~_zixl                            2       0.1 ( 25.6%)
                zixl_IAI-4IPt1 [R]~_zixl                                 2       0.0 (  5.9%)
                <zixl_I152>~_zixl                                                0.0 (  3.1%)
              zixl_IAI-4IPt1 [E]~_zixl                                  10       0.2 (  1.5%)
              zixl_irY-I1512dPet1I5 [R]~_zixl                            8       0.1 (  1.3%)
              <zixl_58i441S>~_zixl                                               0.1 (  1.0%)
          zixl_IAI-51234~_zixl                                          13       0.5 (  5.1%)
            zixl_55-I1512 [R]~_zixl                                    104       0.4 ( 80.0%)
            <zixl_I152>~_zixl                                                    0.1 ( 19.5%)
        zixl_4r-4IPt1~_zixl                                             13       0.9 (  7.0%)
          zixl_55-I1512 [E]~_zixl                                        1       0.8 ( 88.2%)
          zixl_5Pet1 [E]~_zixl                                          13       0.0 (  4.5%)
          <zixl_I152>~_zixl                                                      0.1 (  6.1%)
          <zixl_58i441S>~_zixl                                                   0.0 (  1.2%)
        <zixl_I152>~_zixl                                                        1.3 ( 10.3%)
      <zixl_I152>~_zixl                                                          0.6 (  4.5%)
      <zixl_58i441S>~_zixl                                                       0.2 (  1.4%)
    <zixl_I152>~_zixl                                                          724.6 ( 98.1%)

  <zixl_58i441S>~_zixl                                                          21.3 (  2.9%)

================================================================================
== Profile: PEAK-MEMORY, CPU-freq = 5.20 GHz
                                                          Calls   Peak-Mb         
                                                                                  

    <zixl_543IiP35>~_zixl                                                1      12.0 (100.0%)
  zixl_5eAt1-I3L-ePP4~_zixl                                              1      12.0         
    zixl_5eAt1-I3L-1LqiL1~_zixl                                         13      12.0 (100.0%)
      zixl_IAI-iZ4e-5Pet1~_zixl                                         13      12.0 (100.0%)
        zixl_IAI-5Pet1~_zixl                                            13      12.0 (100.0%)
          zixl_IAI-51234~_zixl                                          13       8.0 ( 66.7%)
            zixl_55-I1512 [R]~_zixl                                    104       8.0 (100.0%)
          zixl_IAI-5Pet1-5Pet1~_zixl                                    13       4.0 ( 33.3%)
            zixl_irY-5Pet1~_zixl                                        13       4.0 (100.0%)
              zixl_irY-yA51bA515~_zixl                                  13       4.0 (100.0%)
                zixl_5Pet1 [R]~_zixl                                    17       4.0 (100.0%)

    zixl_55-I1512~_zixl                                                123       8.0 ( 66.7%)
    zixl_5Pet1~_zixl                                                    52       4.0 ( 33.3%)
  zixl_L1U-r73L8~_zixl                                                 175      12.0         

    zixl_IAI-51234~_zixl                                               104       8.0 (100.0%)
  zixl_55-I1512~_zixl                                                  123       8.0         
    zixl_L1U-r73L8 [E]~_zixl                                           123       8.0 (100.0%)

    zixl_irY-yA51bA515~_zixl                                            17       4.0 (100.0%)
  zixl_5Pet1~_zixl                                                    1283       4.0         
    zixl_L1U-r73L8 [R]~_zixl                                            52       4.0 (100.0%)

