================================================================================
== Profile: REAL-TIME, CPU-freq = 5.20 GHz
                                                          Calls Real-Time  Parent 
                                                                   (secs) fraction

    <zixl_543IiP35>~_zixl                                                1       4.3 (100.0%)
  zixl_L125A5-ZAiL~_zixl                                                 1       4.3         
    zixl_L125A5-1t1L2-ePP4~_zixl                                         1       3.1 ( 70.9%)
      zixl_L125A5-52AI234~_zixl                                          1       0.1 (  4.2%)
        zixl_L125A5-iLi2-6ISy~_zixl                                      1       0.1 ( 69.9%)
          zixl_6ISy-rI1A21-6IPZ-6PIZAe-Sy~_zixl                          1       0.1 ( 87.7%)
            zixl_rPZ4Sy-I152PI1~_zixl                                    1       0.0 ( 28.9%)
              zixl_rPZ4Sy-I152PI1-Sy~_zixl                               1       0.0 (100.0%)
                zixl_I152PI1-SSy~_zixl                                   1       0.0 ( 32.1%)
                zixl_I152PI1-4Sy~_zixl                                   1       0.0 ( 22.7%)
                zixl_rPZ4Sy-I152PI1-rSy~_zixl                            1       0.0 ( 18.0%)
                <zixl_I152>~_zixl                                                0.0 ( 27.2%)
            zixl_6ISy-I152PI1-51r2iPL~_zixl                             57       0.0 ( 20.7%)
              zixl_zi_6ASy_I52I_51r2iPL~_zixl                           57       0.0 (100.0%)
            zixl_rPZ4Sy-I152PI1-ArSy~_zixl                               1       0.0 (  8.6%)
              zixl_I152PI1-ArSy~_zixl                                    1       0.0 (100.0%)
            <zixl_I152>~_zixl                                                    0.0 ( 41.7%)
          zixl_L125A5-ePAS-L12ei52~_zixl                                 1       0.0 ( 12.2%)
            zixl_6ISy-ePAS-L12ei52~_zixl                                 1       0.0 ( 99.6%)
              zixl_I152PI1-5Le~_zixl                                     1       0.0 (100.0%)
                zixl_zi_5Le_rPL2192_I152PI1~_zixl                        1       0.0 ( 99.9%)
                  zixl_5Le-I52I-iS-AIIAO~_zixl                           1       0.0 (  2.4%)
                    zixl_5Le_I52I_5Le_194I~_zixl                       454       0.0 ( 83.5%)
                      zixl_I152PI1-194I-5Ir5iL8~_zixl                  159       0.0 ( 21.5%)
                      zixl_I152PI1-194I-194I~_zixl                     241       0.0 ( 13.2%)
                      zixl_I152PI1-194I-I1q~_zixl                       25       0.0 (  4.8%)
                      <zixl_I152>~_zixl                                          0.0 ( 60.4%)
                    zixl_194I_rPZ4e121_rP4O~_zixl                        1       0.0 ( 12.0%)
                      zixl_I15Pet1_6A81_194I~_zixl                     454       0.0 ( 62.1%)
                      <zixl_I152>~_zixl                                          0.0 ( 37.9%)
                    <zixl_I152>~_zixl                                            0.0 (  4.5%)
                  <zixl_I152>~_zixl                                              0.0 ( 97.5%)
        zixl_eir1L51-5OLr-r71r8P32~_zixl                                 1       0.0 ( 30.1%)
      <zixl_I152>~_zixl                                                          2.9 ( 95.7%)
    <zixl_I152>~_zixl                                                            1.3 ( 29.1%)


================================================================================
== Profile: PEAK-MEMORY, CPU-freq = 5.20 GHz
                                                          Calls   Peak-Mb         
                                                                                  

    <zixl_543IiP35>~_zixl                                                1     216.0 (100.0%)
  zixl_L125A5-ZAiL~_zixl                                                 1     216.0         
    zixl_L125A5-1t1L2-ePP4~_zixl                                         1     216.0 (100.0%)
      zixl_L125A5-q1L-rPL525-Sy~_zixl                                    1     132.0 ( 61.1%)
      zixl_L125A5-52AI234~_zixl                                          1      84.0 ( 38.9%)
        zixl_L125A5-iLi2-6ISy~_zixl                                      1      84.0 (100.0%)
          zixl_L125A5-ePAS-L12ei52~_zixl                                 1      84.0 (100.0%)
            zixl_6ISy-ePAS-L12ei52~_zixl                                 1      84.0 (100.0%)
              zixl_I152PI1-5Le~_zixl                                     1      84.0 (100.0%)
                zixl_zi_5Le_rPL2192_I152PI1~_zixl                        1      84.0 (100.0%)
                  <zixl_I152>~_zixl                                             84.0 (100.0%)

