# 
# Questa Static Verification System
# Version 2019.2_1 linux_x86_64 18 May 2019


Command-line arguments:
	-jobs 4 \ 
	-init qs_files/wb_arbiter.init \ 
	-timeout 5m 

Warning : Deprecated option to '* verify' command.  Option '-init'. Use 'formal init' directive instead.  [formal-303]
Info    : Using initialization sequence file to initialize design state.  File '/homes/user/stud/fall23/yl5334/tutorials_6863/ALU/qs_files/wb_arbiter.init'.  [formal-205]
Applying synthesis semantics to design: datapath
[00:00:00] Status: Done 0/50, Update 0/50, Proof radius min=0, avg=0.00, Mem=0GB
[00:00:00] Established connection with process, Hostname=cadpc05, pid=14589.
[00:00:00] Established connection with process, Hostname=cadpc05, pid=14592.
[00:00:00] Established connection with process, Hostname=cadpc05, pid=14596.
[00:00:00] Established connection with process, Hostname=cadpc05, pid=14599.
[00:00:00] Proven: ins_stability
[00:00:00] Fired @1: ins_latency_checking[0].ins_latency_test
[00:00:00] Proven: ins_latency_checking[1].ins_latency_test
[00:00:00] Fired @3: ins_latency_checking[2].ins_latency_test
[00:00:00] Covered @1: latency_checking[0].valid_latency0
[00:00:00] Covered @2: latency_checking[1].valid_latency0
[00:00:00] Covered @3: latency_checking[2].valid_latency0
[00:00:00] Covered @4: latency_checking[3].valid_latency0
[00:00:00] Covered @5: latency_checking[4].valid_latency0
[00:00:00] Covered @19: latency_checking[18].valid_latency0
[00:00:00] Covered @6: latency_checking[5].valid_latency0
[00:00:00] Covered @7: latency_checking[6].valid_latency0
[00:00:00] Covered @8: latency_checking[7].valid_latency0
[00:00:00] Covered @9: latency_checking[8].valid_latency0
[00:00:00] Covered @10: latency_checking[9].valid_latency0
[00:00:00] Covered @11: latency_checking[10].valid_latency0
[00:00:00] Covered @20: latency_checking[19].valid_latency0
[00:00:00] Covered @12: latency_checking[11].valid_latency0
[00:00:00] Covered @13: latency_checking[12].valid_latency0
[00:00:00] Covered @14: latency_checking[13].valid_latency0
[00:00:00] Covered @15: latency_checking[14].valid_latency0
[00:00:00] Covered @16: latency_checking[15].valid_latency0
[00:00:00] Covered @21: latency_checking[20].valid_latency0
[00:00:00] Covered @17: latency_checking[16].valid_latency0
[00:00:00] Fired @1: no_overflow
[00:00:00] Fired @1: overflow_verify
[00:00:00] Covered @18: latency_checking[17].valid_latency0
[00:00:00] Proven: overflow_checking
[00:00:00] Fired @1: ovl_zero_one_hot_check.ovl_assert.A_ASSERT_ZERO_ONE_HOT_P
[00:00:00] Proven: arithemic_add_verify
[00:00:00] Fired @6: Memory_latency_checking[5].letency_execution
[00:00:00] Proven: arithemic_sub_verify
[00:00:00] Vacuously Proven: arithemic_and_verify
[00:00:00] Vacuously Proven: arithemic_or_verify
[00:00:00] Fired @1: execution_latency_checking[0].letency_execution
[00:00:00] Fired @5: Memory_latency_checking[4].letency_execution
[00:00:00] Proven: execution_latency_checking[1].letency_execution
[00:00:00] Fired @3: execution_latency_checking[2].letency_execution
[00:00:00] Fired @4: execution_latency_checking[3].letency_execution
[00:00:00] Fired @4: Memory_latency_checking[3].letency_execution
[00:00:00] Fired @5: execution_latency_checking[4].letency_execution
[00:00:00] Fired @6: execution_latency_checking[5].letency_execution
[00:00:00] Fired @3: Memory_latency_checking[2].letency_execution
[00:00:00] Proven: Memory_latency_checking[1].letency_execution
[00:00:00] Fired @1: Memory_latency_checking[0].letency_execution
[00:00:00] Fired @3: liveness_checking_ALU_execution
[00:00:00] Proven: liveness_checking_ALU
[00:00:00] Proven: liveness_checking_ALU_dis
[00:00:00] Proven: liveness_checking_datapath
[00:00:00] Fired @2: liveness_checking_ALU_Memory
[00:00:01] Status: Done 50/50, Update 50/50, Proof radius min=N/A, avg=N/A, Mem=1GB

---------------------------------------
Property Summary                  Count
---------------------------------------
Assumed                               1
Proven                               12
  Vacuous                             2
Covered                              21
Inconclusive                          0
Fired                                17
  Fired with Warning                 16
Uncoverable                           0
---------------------------------------
Total                                51
---------------------------------------


--------- Process Statistics ----------
Elapsed Time                       1 s 
-------- Orchestration Process --------
------------ cadpc05:14580 ------------
CPU Time                           0 s 
Peak Memory                      0.4 GB
---------- Engine Processes -----------
------------ cadpc05:14589 ------------
CPU Time                           0 s 
Peak Memory                      0.1 GB
CPU Utilization                    0 % 
------------ cadpc05:14592 ------------
CPU Time                           2 s 
Peak Memory                      0.3 GB
CPU Utilization                  100 % 
------------ cadpc05:14596 ------------
CPU Time                           0 s 
Peak Memory                      0.1 GB
CPU Utilization                    0 % 
------------ cadpc05:14599 ------------
CPU Time                           0 s 
Peak Memory                      0.1 GB
CPU Utilization                    0 % 
---------------------------------------


Message Summary
---------------------------------------------------------------------------
Count  Type     Message ID         Summary
---------------------------------------------------------------------------
    1  Warning  formal-303         Deprecated option to '* verify' command.
    1  Info     formal-205         Using initialization sequence file to initialize design state.

Final Process Statistics: Peak Memory 0.36GB, Cumulative CPU Time 2s, Elapsed Time 1s

To see results in the GUI run:
qverify /homes/user/stud/fall23/yl5334/tutorials_6863/ALU/Output_Results/formal_verify.db

