================================================================================
== Profile: REAL-TIME, CPU-freq = 5.20 GHz
                                                          Calls Real-Time  Parent 
                                                                   (secs) fraction

    <zixl_543IiP35>~_zixl                                                1       1.9 (100.0%)
  zixl_z57-ZAiL~_zixl                                                    1       1.9         
    zixl_zi_iSe2_I3L_tP42~_zixl                                          1       1.2 ( 64.7%)
      zixl_iSe2-4IPr155~_zixl                                            1       1.2 ( 99.8%)
        zixl_tP42-ZAiL~_zixl                                             1       0.6 ( 51.4%)
          zixl_zi_iSe2_2IAL5eA21_tePq~_zixl                              1       0.0 (  1.4%)
            zixl_2IAL5eA21-tePq~_zixl                                    1       0.0 (  2.9%)
            <zixl_I152>~_zixl                                                    0.0 ( 97.1%)
          <zixl_I152>~_zixl                                                      0.6 ( 98.6%)
        zixl_iSe2-5At1~_zixl                                             1       0.0 (  1.8%)
          zixl_42-5At1~_zixl                                             1       0.0 ( 38.1%)
          zixl_32q-5At1~_zixl                                            1       0.0 ( 15.6%)
          <zixl_I152>~_zixl                                                      0.0 ( 46.3%)
        <zixl_I152>~_zixl                                                        0.6 ( 46.8%)
    <zixl_I152>~_zixl                                                            0.7 ( 35.3%)


================================================================================
== Profile: PEAK-MEMORY, CPU-freq = 5.20 GHz
                                                          Calls   Peak-Mb         
                                                                                  

    <zixl_543IiP35>~_zixl                                                1      20.0 (100.0%)
  zixl_z57-ZAiL~_zixl                                                    1      20.0         
    zixl_zi_iSe2_I3L_tP42~_zixl                                          1      16.0 ( 80.0%)
      zixl_iSe2-4IPr155~_zixl                                            1      16.0 (100.0%)
        zixl_tP42-ZAiL~_zixl                                             1      12.0 ( 75.0%)
          <zixl_I152>~_zixl                                                     12.0 (100.0%)
        <zixl_I152>~_zixl                                                        4.0 ( 25.0%)
    <zixl_I152>~_zixl                                                            4.0 ( 20.0%)

