================================================================================
== Profile: REAL-TIME, CPU-freq = 5.20 GHz
                                                          Calls Real-Time  Parent 
                                                                   (secs) fraction

    <zixl_543IiP35>~_zixl                                                1       1.1 (100.0%)
  zixl_L125A5-ZAiL~_zixl                                                 1       1.1         
    zixl_L125A5-1t1L2-ePP4~_zixl                                         1       1.1 ( 99.7%)
      zixl_L125A5-52AI234~_zixl                                          1       0.1 ( 11.8%)
        zixl_L125A5-iLi2-6ISy~_zixl                                      1       0.1 ( 54.2%)
          zixl_L125A5-ePAS-L12ei52~_zixl                                 1       0.1 ( 81.2%)
            zixl_6ISy-ePAS-L12ei52~_zixl                                 1       0.1 ( 97.5%)
              zixl_I152PI1-5Le~_zixl                                     1       0.1 (100.0%)
                zixl_zi_5Le_rPL2192_I152PI1~_zixl                        1       0.1 ( 99.9%)
                  zixl_5Le-I52I-iLi2iAe-I1q-tAe315~_zixl                 1       0.0 ( 67.6%)
                  zixl_5Le-I52I-iS-AIIAO~_zixl                           1       0.0 ( 13.7%)
                    zixl_5Le_I52I_5Le_194I~_zixl                      5552       0.0 ( 70.5%)
                      zixl_I152PI1-194I-5Ir5iL8~_zixl                 2481       0.0 ( 36.0%)
                      zixl_I152PI1-194I-194I~_zixl                    2610       0.0 ( 18.9%)
                      zixl_I152PI1-194I-I1q~_zixl                      410       0.0 (  8.5%)
                      <zixl_I152>~_zixl                                          0.0 ( 36.6%)
                    zixl_194I_rPZ4e121_rP4O~_zixl                        1       0.0 ( 23.0%)
                      zixl_I15Pet1_6A81_194I~_zixl                    5552       0.0 ( 64.5%)
                      <zixl_I152>~_zixl                                          0.0 ( 35.5%)
                    <zixl_I152>~_zixl                                            0.0 (  6.5%)
                  <zixl_I152>~_zixl                                              0.0 ( 18.4%)
            zixl_5Le-eiL8-S15iqL [E]~_zixl                               1       0.0 (  1.9%)
          zixl_6ISy-rI1A21-6IPZ-6PIZAe-Sy~_zixl                          1       0.0 ( 18.7%)
            zixl_rPZ4Sy-I152PI1~_zixl                                    1       0.0 ( 86.1%)
              zixl_rPZ4Sy-I152PI1-Sy~_zixl                               1       0.0 ( 99.9%)
                zixl_I152PI1-4Sy~_zixl                                   1       0.0 ( 21.1%)
                zixl_I152PI1-SSy~_zixl                                   1       0.0 ( 19.3%)
                zixl_I152PI1-ArSy~_zixl                                  1       0.0 ( 18.9%)
                zixl_rPZ4Sy-I152PI1-rSy~_zixl                            1       0.0 ( 15.0%)
                <zixl_I152>~_zixl                                                0.0 ( 25.7%)
            zixl_6ISy-I152PI1-rPZ4-Sy~_zixl                              1       0.0 (  1.1%)
            <zixl_I152>~_zixl                                                    0.0 ( 12.7%)
        zixl_eir1L51-5OLr-r71r8P32~_zixl                                 1       0.1 ( 45.8%)
      zixl_L125A5-52AI2-I3L~_zixl                                        1       0.1 (  8.0%)
        zixl_L125A5-rI1A21-yeL~_zixl                                     1       0.0 ( 39.5%)
          zixl_5ry-6i942~_zixl                                           1       0.0 ( 54.5%)
            zixl_UeLfA2AB1S3r1~_zixl                                     1       0.0 ( 75.2%)
              zixl_UeL-w352i6O~_zixl                                     1       0.0 ( 85.8%)
                zixl_UeL-5LeTUeL~_zixl                                   1       0.0 ( 92.1%)
                  <zixl_I152>~_zixl                                              0.0 ( 99.3%)
                zixl_UeL-w352i6O-i~_zixl                                 1       0.0 (  7.7%)
                  zixl_UeL-5LeTUeL-6iLi57~_zixl                          1       0.0 ( 10.3%)
                  <zixl_I152>~_zixl                                              0.0 ( 89.7%)
              zixl_UeL-SA2A~_zixl                                        1       0.0 (  3.4%)
                zixl_UeL-SA2A-tAI5~_zixl                                 1       0.0 ( 99.9%)
              zixl_UeL-SA2A-511L~_zixl                                   1       0.0 (  1.9%)
              zixl_UeL-SA2A-ALAeOz1~_zixl                              966       0.0 (  1.2%)
              <zixl_I152>~_zixl                                                  0.0 (  7.6%)
            zixl_6i942-iLi2~_zixl                                        1       0.0 ( 21.0%)
              zixl_diZ3eA21dLeoZ4eb::diZ3eA21 [R]~_zixl                 23       0.0 ( 13.2%)
              <zixl_I152>~_zixl                                                  0.0 ( 86.8%)
            <zixl_I152>~_zixl                                                    0.0 (  3.6%)
          zixl_5ry-58i4_yLe~_zixl                                        1       0.0 ( 45.3%)
            zixl_yeLdLe-P32~_zixl                                       83       0.0 ( 80.3%)
              zixl_yeLdLe-yy~_zixl                                     328       0.0 ( 94.1%)
                zixl_yeLdLe-yy-yy~_zixl                               1963       0.0 ( 30.2%)
                  zixl_yy-yy [T]~_zixl                                1963       0.0 ( 98.9%)
                  <zixl_I152>~_zixl                                              0.0 (  1.1%)
                zixl_IUTe-y3ieS-6IPZ-AIIAO~_zixl                         1       0.0 ( 15.8%)
                <zixl_I152>~_zixl                                                0.0 ( 54.1%)
              <zixl_I152>~_zixl                                                  0.0 (  5.9%)
            <zixl_I152>~_zixl                                                    0.0 ( 19.7%)
        zixl_L125A5-34SA21-6ISy~_zixl                                    1       0.0 ( 26.8%)
          zixl_55Z-34SA21-6ISy~_zixl                                     1       0.0 ( 46.4%)
            <zixl_I152>~_zixl                                                    0.0 ( 99.1%)
          zixl_5At1-ArSy [E]~_zixl                                       1       0.0 ( 15.1%)
          <zixl_I152>~_zixl                                                      0.0 ( 38.5%)
        zixl_L125A5-iLi2-55Z~_zixl                                       1       0.0 ( 14.1%)
          zixl_5At1-ArSy [R]~_zixl                                       1       0.0 ( 58.4%)
          zixl_55Zr-4I14AI1-5Le~_zixl                                    1       0.0 ( 21.0%)
            zixl_5Le-eiL8-S15iqL [R]~_zixl                               1       0.0 ( 37.0%)
            zixl_bPZ4321VSq1CAt16PIZ5~_zixl                              1       0.0 (  4.7%)
              zixl_dLen1Ii6OV94Ic1IP~_zixl                              14       0.0 ( 10.3%)
                zixl_yy-yy [E]~_zixl                                     1       0.0 ( 15.7%)
                <zixl_I152>~_zixl                                                0.0 ( 84.3%)
              <zixl_I152>~_zixl                                                  0.0 ( 89.7%)
            <zixl_I152>~_zixl                                                    0.0 ( 58.3%)
          zixl_55Zr-I1512-510~_zixl                                      1       0.0 ( 20.4%)
            zixl_55Z-I1512-510~_zixl                                     1       0.0 ( 99.9%)
        zixl_5Ir7-r2Ie-4I14AI1~_zixl                                     1       0.0 ( 12.1%)
          zixl_oZ4eiri2bePr8fPZAiLb~_zixl                                1       0.0 ( 29.5%)
            zixl_bPZ4321see~_zixl                                        1       0.0 ( 68.8%)
            zixl_zi_5Le_y65_i21IA2PI_iLi2~_zixl                          1       0.0 ( 24.4%)
              zixl_zi_5Le_2P4PePqirAe_5PI2_iLi2~_zixl                    1       0.0 ( 83.0%)
              <zixl_I152>~_zixl                                                  0.0 ( 17.0%)
            zixl_aP43eA21d2AIV94I5~_zixl                                 1       0.0 (  6.7%)
          zixl_5iZ3eA21-iLi2-510~_zixl                                   1       0.0 ( 24.5%)
            zixl_diZ3eA21dLeoZ4eb::diZ3eA21 [E]~_zixl                    2       0.0 ( 19.2%)
            zixl_diZ3eA21dLeoZ4eb::bP4OseefNPX~_zixl                     2       0.0 (  7.4%)
            zixl_A5iP-51LS [F]~_zixl                                     1       0.0 (  1.3%)
            <zixl_I152>~_zixl                                                    0.0 ( 72.1%)
          zixl_5Le-e1t1e-rPZ4321-Aee [R]~_zixl                           1       0.0 (  5.3%)
          zixl_sSScgie21I5~_zixl                                         1       0.0 (  1.6%)
          <zixl_I152>~_zixl                                                      0.0 ( 38.5%)
        <zixl_I152>~_zixl                                                        0.0 (  6.9%)
      zixl_ePq-5A61-6iIiLq~_zixl                                        37       0.0 (  1.5%)
        zixl_ePq6T-w352i6O [E]~_zixl                                    37       0.0 ( 31.6%)
        zixl_ePq6T-1tAe3A21-qPAe5 [E]~_zixl                             37       0.0 ( 27.9%)
        <zixl_I152>~_zixl                                                        0.0 ( 40.4%)
      <zixl_I152>~_zixl                                                          0.8 ( 78.4%)

    <zixl_543IiP35>~_zixl                                                1       0.8 (100.0%)
  zixl_PIr-27I1AS~_zixl                                                  1       0.8         
    zixl_PIr-I3L~_zixl                                                   1       0.8 ( 96.3%)
      zixl_PIr-ZA521I-I3L-PL1~_zixl                                    712       0.8 ( 99.9%)
        zixl_PIr-ZA521I-7ALSe1-Z5q [E]~_zixl                           467       0.0 (  1.4%)
        <zixl_I152>~_zixl                                                        0.8 ( 98.6%)
    zixl_PIr-5732SPUL~_zixl                                              1       0.0 (  3.7%)
      <zixl_I152>~_zixl                                                          0.0 ( 99.3%)

  <zixl_58i441S>~_zixl                                                           0.1 (  2.8%)

================================================================================
== Profile: PEAK-MEMORY, CPU-freq = 5.20 GHz
                                                          Calls   Peak-Mb         
                                                                                  

    <zixl_543IiP35>~_zixl                                                1     116.0 (100.0%)
  zixl_L125A5-ZAiL~_zixl                                                 1     116.0         
    zixl_L125A5-1t1L2-ePP4~_zixl                                         1     116.0 (100.0%)
      zixl_L125A5-52AI234~_zixl                                          1      88.0 ( 75.9%)
        zixl_L125A5-iLi2-6ISy~_zixl                                      1      88.0 (100.0%)
          zixl_L125A5-ePAS-L12ei52~_zixl                                 1      88.0 (100.0%)
            zixl_6ISy-ePAS-L12ei52~_zixl                                 1      88.0 (100.0%)
              zixl_I152PI1-5Le~_zixl                                     1      88.0 (100.0%)
                zixl_zi_5Le_rPL2192_I152PI1~_zixl                        1      88.0 (100.0%)
                  zixl_5Le-I52I-iS-AIIAO~_zixl                           1       4.0 (  4.5%)
                    zixl_5Le_I52I_5Le_194I~_zixl                      5552       4.0 (100.0%)
                      zixl_I152PI1-194I-194I~_zixl                    2610       4.0 (100.0%)
                  <zixl_I152>~_zixl                                             84.0 ( 95.5%)
      zixl_L125A5-52AI2-I3L~_zixl                                        1      28.0 ( 24.1%)
        zixl_L125A5-rI1A21-yeL~_zixl                                     1      28.0 (100.0%)
          zixl_5ry-6i942~_zixl                                           1      24.0 ( 85.7%)
            zixl_UeLfA2AB1S3r1~_zixl                                     1      24.0 (100.0%)
              zixl_UeL-w352i6O~_zixl                                     1      24.0 (100.0%)
                zixl_UeL-5LeTUeL~_zixl                                   1      24.0 (100.0%)
                  <zixl_I152>~_zixl                                             24.0 (100.0%)
          zixl_5ry-58i4_yLe~_zixl                                        1       4.0 ( 14.3%)
            zixl_yeLdLe-P32~_zixl                                       83       4.0 (100.0%)
              zixl_yeLdLe-yy~_zixl                                     328       4.0 (100.0%)
                <zixl_I152>~_zixl                                                4.0 (100.0%)

