================================================================================
== Profile: REAL-TIME, CPU-freq = 5.20 GHz
                                                          Calls Real-Time  Parent 
                                                                  (milli) fraction

    <zixl_543IiP35>~_zixl                                                1     737.6 (100.0%)
  zixl_5eAt1-I3L-ePP4~_zixl                                              1     737.6         
    zixl_5eAt1-I3L-1LqiL1~_zixl                                         22     122.7 ( 16.6%)
      zixl_IAI-iZ4e-5Pet1 [E]~_zixl                                     20      86.4 ( 70.4%)
      zixl_8eit1~_zixl                                                   2      30.5 ( 24.9%)
        zixl_IAI-iZ4e-5Pet1 [R]~_zixl                                    2      29.9 ( 98.0%)
        <zixl_I152>~_zixl                                                        0.6 (  2.0%)
      zixl_8eit1-I1S3r1~_zixl                                            1       2.6 (  2.1%)
        zixl_IUTe-y3ieS-6IPZ-AIIAO~_zixl                                 1       2.1 ( 79.0%)
        zixl_55-rPi~_zixl                                                4       0.2 (  8.4%)
        zixl_yeL-rI1A21-i21~_zixl                                     2096       0.1 (  3.9%)
        <zixl_I152>~_zixl                                                        0.2 (  8.7%)
      <zixl_I152>~_zixl                                                          1.6 (  1.3%)
      <zixl_58i441S>~_zixl                                                       1.5 (  1.2%)
    <zixl_I152>~_zixl                                                          614.0 ( 83.2%)

    zixl_5eAt1-I3L-1LqiL1~_zixl                                         20      86.4 ( 74.3%)
    zixl_8eit1~_zixl                                                     2      29.9 ( 25.7%)
  zixl_IAI-iZ4e-5Pet1~_zixl                                             22     116.3         
    zixl_IAI-5Pet1~_zixl                                                17      95.3 ( 82.0%)
      zixl_IAI-5Pet1-5Pet1~_zixl                                        17      94.4 ( 99.1%)
        zixl_irY-5Pet1~_zixl                                            17      94.4 (100.0%)
          zixl_irY-52I1Lq271L~_zixl                                     78      38.7 ( 41.0%)
            zixl_irY-rPL51r32iPL [E]~_zixl                            1020      23.1 ( 59.7%)
            zixl_irY-q1L1IAeiz1~_zixl                                  590      11.9 ( 30.8%)
              zixl_irY-Zir~_zixl                                       590       8.6 ( 71.6%)
                zixl_irY-rPL51r32iPL [R]~_zixl                         950       7.4 ( 86.2%)
                zixl_irY-34~_zixl                                      356       0.7 (  8.2%)
                  zixl_5Pet1 [G]~_zixl                                 356       0.3 ( 37.0%)
                  zixl_5r5-5Pet1 [Y]~_zixl                              26       0.1 (  8.4%)
                  <zixl_I152>~_zixl                                              0.4 ( 54.3%)
                zixl_irY-PIS1Ib3y1~_zixl                               661       0.2 (  1.8%)
                  zixl_irY-UPISb3y1~_zixl                              661       0.1 ( 50.8%)
                  zixl_irY-PIS1Ib3y1-y~_zixl                           609       0.0 ( 29.4%)
                  <zixl_I152>~_zixl                                              0.0 ( 19.8%)
                <zixl_I152>~_zixl                                                0.2 (  2.4%)
                <zixl_58i441S>~_zixl                                             0.1 (  1.4%)
              zixl_irY-rPL51r32iPL [T]~_zixl                           572       2.7 ( 22.3%)
              zixl_irY-ASSb3y1 [E]~_zixl                               590       0.3 (  2.5%)
              zixl_3LSP [E]~_zixl                                      564       0.2 (  1.5%)
              <zixl_I152>~_zixl                                                  0.2 (  1.7%)
            zixl_irY-52A21p6[gIPL2i1I]~_zixl                            26       1.8 (  4.7%)
              zixl_5Pet1 [Y]~_zixl                                      26       1.6 ( 88.5%)
              <zixl_I152>~_zixl                                                  0.2 ( 11.2%)
            zixl_5r5-5Pet1 [E]~_zixl                                    97       1.6 (  4.1%)
          zixl_IAI-6iI1dA61 [E]~_zixl                                    5      25.0 ( 26.5%)
          zixl_irY-yA51bA515~_zixl                                      17      15.8 ( 16.8%)
            zixl_5Pet1 [R]~_zixl                                        37       2.7 ( 17.1%)
            zixl_L1U-tAI [T]~_zixl                                   21522       1.8 ( 11.2%)
            zixl_IAI-6iI1dA61 [R]~_zixl                                  6       0.8 (  5.1%)
            zixl_55-ASSdP3Ir1 [R]~_zixl                               1311       0.4 (  2.3%)
            <zixl_I152>~_zixl                                                   10.2 ( 64.2%)
          zixl_irY-5Pet1[rPL6iq3I1]~_zixl                                6       6.4 (  6.7%)
            zixl_irY-rPL6iq3I1gIPL2i1I~_zixl                             6       3.2 ( 50.2%)
              zixl_L1U-tAI [D]~_zixl                                  4635       0.3 ( 10.6%)
              zixl_I1ZPt1-5A2i56i1S [T]~_zixl                           30       0.2 (  4.9%)
              zixl_re1AL-reA3515 [T]~_zixl                              40       0.1 (  3.3%)
              zixl_L1U-r73L8 [R]~_zixl                                   8       0.1 (  2.4%)
              zixl_55-ASSdP3Ir1 [Y]~_zixl                              250       0.1 (  1.9%)
              zixl_I1ePr-34SA21~_zixl                                    4       0.1 (  1.7%)
              <zixl_I152>~_zixl                                                  2.3 ( 73.4%)
              <zixl_58i441S>~_zixl                                               0.1 (  1.7%)
            zixl_irY-rPL6iq3I1xi62gIPL2i1I [E]~_zixl                     6       3.0 ( 47.7%)
            zixl_irY-I1512dPet1I5 [E]~_zixl                              6       0.1 (  1.3%)
          zixl_irY-9A553Z15~_zixl                                        2       3.1 (  3.3%)
            zixl_irY-I1512xi62dPet1I5~_zixl                              2       3.0 ( 98.2%)
              zixl_irY-rPL6iq3I1xi62gIPL2i1I [R]~_zixl                   2       2.6 ( 86.1%)
              zixl_55-I1512 [G]~_zixl                                    4       0.4 ( 13.5%)
            <zixl_I152>~_zixl                                                    0.1 (  1.8%)
          zixl_irY-4IP4AqA21 [E]~_zixl                                  70       2.7 (  2.8%)
          zixl_irY-I1512dPet1I5 [R]~_zixl                               70       1.7 (  1.8%)
    zixl_4r-4IPt1~_zixl                                                 18      13.7 ( 11.8%)
      zixl_5Pet1 [E]~_zixl                                              18      12.2 ( 89.6%)
      zixl_L1U-tAI [R]~_zixl                                          1709       0.3 (  2.2%)
      <zixl_I152>~_zixl                                                          1.0 (  7.0%)
      <zixl_58i441S>~_zixl                                                       0.2 (  1.2%)
    <zixl_I152>~_zixl                                                            7.3 (  6.3%)

    zixl_4r-4IPt1~_zixl                                                 18      12.2 ( 32.7%)
    zixl_irY-yA51bA515~_zixl                                            37       2.7 (  7.2%)
    zixl_5r5-5Pet1~_zixl                                              3344       9.9 ( 26.5%)
    zixl_irY-52A21p6[gIPL2i1I]~_zixl                                    26       1.6 (  4.3%)
    zixl_irY-rPL5E~_zixl                                                70       0.6 (  1.6%)
    zixl_irY-52A21p6~_zixl                                             862       3.0 (  8.0%)
    zixl_8eit1-ASSdb~_zixl                                             120       7.1 ( 18.9%)
  zixl_5Pet1~_zixl                                                    4833      37.5         
    zixl_ALAeOz1~_zixl                                                2515       2.6 (  7.0%)
      zixl_ZiLiZiz1-rPL6eir2~_zixl                                    2515       0.9 ( 35.4%)
      zixl_q1L1IA21-reA351~_zixl                                      2515       0.8 ( 28.8%)
      zixl_y3Z4-tAI5~_zixl                                            2515       0.5 ( 19.9%)
      zixl_6iLi57~_zixl                                               2515       0.3 ( 10.4%)
      <zixl_I152>~_zixl                                                          0.1 (  5.5%)
    zixl_3LSP [F]~_zixl                                               2712       1.9 (  4.9%)
    zixl_I1ZPt1-5A2i56i1S [E]~_zixl                                    460       1.3 (  3.4%)
    zixl_re1AL-reA3515 [E]~_zixl                                       368       0.9 (  2.5%)
    <zixl_I152>~_zixl                                                           30.4 ( 81.1%)

    zixl_irY-52I1Lq271L~_zixl                                         1020      23.1 ( 69.7%)
    zixl_irY-Zir~_zixl                                                 950       7.4 ( 22.3%)
    zixl_irY-q1L1IAeiz1~_zixl                                          572       2.7 (  8.0%)
  zixl_irY-rPL51r32iPL~_zixl                                          2542      33.2         
    zixl_irY-rPL5~_zixl                                               2472      30.4 ( 91.8%)
      zixl_5r5-5Pet1 [R]~_zixl                                        2472      19.7 ( 64.7%)
      zixl_irY-52A21p6 [E]~_zixl                                       862       7.8 ( 25.6%)
      zixl_3LSP [Y]~_zixl                                             1829       0.6 (  1.9%)
      <zixl_I152>~_zixl                                                          2.2 (  7.1%)
    zixl_irY-rPL5E~_zixl                                                70       2.7 (  8.1%)
      zixl_5Pet1 [D]~_zixl                                              70       0.6 ( 23.0%)
      zixl_L1U-tAI [H]~_zixl                                          3292       0.3 ( 10.0%)
      zixl_55-ASSdP3Ir1 [D]~_zixl                                      470       0.1 (  3.5%)
      zixl_irY-52A21p6 [R]~_zixl                                         7       0.0 (  1.1%)
      <zixl_I152>~_zixl                                                          1.7 ( 62.2%)

    zixl_irY-5Pet1~_zixl                                                 5      25.0 ( 96.9%)
    zixl_irY-yA51bA515~_zixl                                             6       0.8 (  3.1%)
  zixl_IAI-6iI1dA61~_zixl                                               11      25.8         
    zixl_IAI-I16iL1~_zixl                                               10      15.3 ( 59.3%)
      zixl_IAI-5iZhPAe5 [E]~_zixl                                       20       9.6 ( 63.0%)
      zixl_IAI-I16iL1-6iI1~_zixl                                        10       5.4 ( 35.4%)
        zixl_IAI-5iZhPAe5 [R]~_zixl                                     10       4.8 ( 88.0%)
        zixl_1LIir7-2IAr1~_zixl                                         10       0.6 ( 10.5%)
        zixl_IAI-I1SPNIAr1 [R]~_zixl                                    10       0.1 (  1.2%)
      zixl_IAI-192IAr2 [E]~_zixl                                        10       0.2 (  1.1%)
    zixl_8eit1-ASSdb~_zixl                                               1       9.4 ( 36.2%)
      zixl_5Pet1 [H]~_zixl                                             120       7.1 ( 75.7%)
      zixl_L1U-tAI [RJ]~_zixl                                         2773       0.4 (  4.6%)
      zixl_55-I1512 [H]~_zixl                                            1       0.1 (  1.0%)
      <zixl_I152>~_zixl                                                          1.7 ( 18.0%)
    zixl_95eAt1-6iI1-2IAr1~_zixl                                         6       0.8 (  3.2%)
      zixl_A5iP-51LS [D]~_zixl                                           6       0.1 ( 12.6%)
      <zixl_I152>~_zixl                                                          0.7 ( 87.4%)

    zixl_irY-52I1Lq271L~_zixl                                           97       1.6 (  6.9%)
    zixl_irY-rPL5~_zixl                                               2472      19.7 ( 86.1%)
    zixl_irY-U1A8bPL51r32iPL~_zixl                                     749       1.5 (  6.7%)
  zixl_5r5-5Pet1~_zixl                                                3344      22.9         
    zixl_5Pet1 [T]~_zixl                                              3344       9.9 ( 43.5%)
    zixl_55-ZAI8~_zixl                                                3344       6.4 ( 28.1%)
      zixl_3LSP [D]~_zixl                                              306       0.1 (  1.3%)
      <zixl_I152>~_zixl                                                          6.4 ( 98.7%)
    zixl_L1U-tAI [K]~_zixl                                           11597       0.8 (  3.4%)
    <zixl_I152>~_zixl                                                            5.6 ( 24.7%)

    zixl_IAI-I16iL1~_zixl                                               20       9.6 ( 66.9%)
    zixl_IAI-I16iL1-6iI1~_zixl                                          10       4.8 ( 33.1%)
  zixl_IAI-5iZhPAe5~_zixl                                               30      14.4         

    zixl_irY-rPL5~_zixl                                                862       7.8 ( 99.6%)
  zixl_irY-52A21p6~_zixl                                               869       7.8         
    zixl_5Pet1 [F]~_zixl                                               862       3.0 ( 38.4%)
    zixl_52A21p6-52S~_zixl                                             862       2.3 ( 29.6%)
    zixl_L1U-tAI [RT]~_zixl                                           3274       0.2 (  3.1%)
    zixl_3LSP [T]~_zixl                                                862       0.1 (  1.8%)
    <zixl_I152>~_zixl                                                            2.1 ( 26.2%)

  <zixl_58i441S>~_zixl                                                          32.1 (  4.4%)

================================================================================
== Profile: PEAK-MEMORY, CPU-freq = 5.20 GHz
                                                          Calls   Peak-Mb         
                                                                                  

    <zixl_543IiP35>~_zixl                                                1      16.0 (100.0%)
  zixl_5eAt1-I3L-ePP4~_zixl                                              1      16.0         
    zixl_5eAt1-I3L-1LqiL1~_zixl                                         22      16.0 (100.0%)
      zixl_IAI-iZ4e-5Pet1 [E]~_zixl                                     20      12.0 ( 75.0%)
      zixl_8eit1~_zixl                                                   2       4.0 ( 25.0%)
        zixl_IAI-iZ4e-5Pet1 [R]~_zixl                                    2       4.0 (100.0%)

    zixl_5eAt1-I3L-1LqiL1~_zixl                                         20      12.0 ( 75.0%)
    zixl_8eit1~_zixl                                                     2       4.0 ( 25.0%)
  zixl_IAI-iZ4e-5Pet1~_zixl                                             22      16.0         
    zixl_IAI-5Pet1~_zixl                                                17      16.0 (100.0%)
      zixl_IAI-51234~_zixl                                              17       8.0 ( 50.0%)
        zixl_55-I1512 [R]~_zixl                                        136       8.0 (100.0%)
      zixl_IAI-5Pet1-5Pet1~_zixl                                        17       8.0 ( 50.0%)
        zixl_irY-5Pet1~_zixl                                            17       8.0 (100.0%)
          zixl_irY-5Pet1[rPL6iq3I1]~_zixl                                6       4.0 ( 50.0%)
            zixl_irY-rPL6iq3I1gIPL2i1I~_zixl                             6       4.0 (100.0%)
              zixl_L1U-r73L8 [R]~_zixl                                   8       4.0 (100.0%)
          zixl_IAI-6iI1dA61 [E]~_zixl                                    5       4.0 ( 50.0%)

    zixl_55-I1512~_zixl                                                246      12.0 ( 75.0%)
    zixl_irY-rPL6iq3I1gIPL2i1I~_zixl                                     8       4.0 ( 25.0%)
  zixl_L1U-r73L8~_zixl                                                 258      16.0         

    zixl_IAI-51234~_zixl                                               136       8.0 ( 66.7%)
    zixl_8eit1-ASSdb~_zixl                                               1       4.0 ( 33.3%)
  zixl_55-I1512~_zixl                                                  246      12.0         
    zixl_L1U-r73L8 [E]~_zixl                                           246      12.0 (100.0%)

    zixl_irY-5Pet1~_zixl                                                 5       4.0 (100.0%)
  zixl_IAI-6iI1dA61~_zixl                                               11       4.0         
    zixl_8eit1-ASSdb~_zixl                                               1       4.0 (100.0%)
      zixl_55-I1512 [H]~_zixl                                            1       4.0 (100.0%)

