================================================================================
== Profile: REAL-TIME, CPU-freq = 5.20 GHz
                                                          Calls Real-Time  Parent 
                                                                  (milli) fraction

    <zixl_543IiP35>~_zixl                                                1     742.9 (100.0%)
  zixl_5eAt1-I3L-ePP4~_zixl                                              1     742.9         
    zixl_5eAt1-I3L-1LqiL1~_zixl                                         38     118.7 ( 16.0%)
      zixl_IAI-iZ4e-5Pet1 [E]~_zixl                                     36      81.5 ( 68.6%)
      zixl_8eit1~_zixl                                                   1      31.2 ( 26.3%)
        zixl_IAI-iZ4e-5Pet1 [R]~_zixl                                    1      31.1 ( 99.5%)
      zixl_8eit1-I1S3r1~_zixl                                            2       3.0 (  2.5%)
        zixl_IUTe-y3ieS-6IPZ-AIIAO~_zixl                                 1       2.2 ( 71.5%)
        zixl_yeL-rI1A21-i21~_zixl                                     4192       0.2 (  7.0%)
        zixl_55-rPi~_zixl                                                6       0.2 (  6.0%)
        <zixl_I152>~_zixl                                                        0.5 ( 15.5%)
      <zixl_I152>~_zixl                                                          2.6 (  2.2%)
    <zixl_I152>~_zixl                                                          622.9 ( 83.8%)

    zixl_5eAt1-I3L-1LqiL1~_zixl                                         36      81.5 ( 72.4%)
    zixl_8eit1~_zixl                                                     1      31.1 ( 27.6%)
  zixl_IAI-iZ4e-5Pet1~_zixl                                             37     112.6         
    zixl_IAI-5Pet1~_zixl                                                35     100.4 ( 89.2%)
      zixl_IAI-5Pet1-5Pet1~_zixl                                        34      98.9 ( 98.5%)
        zixl_irY-5Pet1~_zixl                                            34      98.8 (100.0%)
          zixl_irY-52I1Lq271L~_zixl                                    103      45.3 ( 45.9%)
            zixl_irY-rPL51r32iPL [E]~_zixl                             609      33.7 ( 74.4%)
            zixl_irY-q1L1IAeiz1~_zixl                                  402       9.0 ( 19.9%)
              zixl_irY-Zir~_zixl                                       402       5.2 ( 57.9%)
                zixl_irY-rPL51r32iPL [R]~_zixl                         342       4.1 ( 77.6%)
                zixl_irY-34~_zixl                                      171       0.9 ( 17.0%)
                  zixl_5Pet1 [F]~_zixl                                 171       0.4 ( 47.0%)
                  zixl_5r5-5Pet1 [T]~_zixl                              85       0.2 ( 19.6%)
                  zixl_L1U-tAI [RT]~_zixl                              123       0.0 (  1.2%)
                  <zixl_I152>~_zixl                                              0.3 ( 31.4%)
                zixl_irY-PIS1Ib3y1~_zixl                               412       0.1 (  2.2%)
                  zixl_irY-UPISb3y1~_zixl                              412       0.1 ( 52.2%)
                  zixl_irY-PIS1Ib3y1-y~_zixl                           321       0.0 ( 28.8%)
                  <zixl_I152>~_zixl                                              0.0 ( 19.0%)
                <zixl_I152>~_zixl                                                0.1 (  2.5%)
              zixl_irY-rPL51r32iPL [T]~_zixl                           353       3.2 ( 35.5%)
              zixl_irY-ASSb3y1 [E]~_zixl                               402       0.3 (  3.3%)
              <zixl_I152>~_zixl                                                  0.2 (  2.3%)
              <zixl_58i441S>~_zixl                                               0.1 (  1.0%)
            zixl_irY-52A21p6[gIPL2i1I]~_zixl                            85       1.4 (  3.1%)
              zixl_5Pet1 [Y]~_zixl                                      85       1.1 ( 75.8%)
              <zixl_I152>~_zixl                                                  0.3 ( 23.9%)
            zixl_5r5-5Pet1 [E]~_zixl                                   168       0.9 (  1.9%)
          zixl_IAI-6iI1dA61 [R]~_zixl                                    9      30.8 ( 31.2%)
          zixl_irY-yA51bA515~_zixl                                      34      12.3 ( 12.4%)
            zixl_5Pet1 [R]~_zixl                                        91       2.2 ( 17.9%)
            zixl_IAI-6iI1dA61 [E]~_zixl                                 11       1.5 ( 12.4%)
            zixl_L1U-tAI [T]~_zixl                                   14194       1.2 (  9.7%)
            zixl_55-ASSdP3Ir1 [R]~_zixl                               3561       0.4 (  3.5%)
            <zixl_I152>~_zixl                                                    6.9 ( 56.4%)
          zixl_irY-5Pet1[rPL6iq3I1]~_zixl                               23       5.3 (  5.3%)
            zixl_irY-rPL6iq3I1gIPL2i1I~_zixl                            23       2.8 ( 53.4%)
              zixl_L1U-tAI [D]~_zixl                                  3629       0.3 ( 11.2%)
              zixl_I1ePr-34SA21 [E]~_zixl                               22       0.3 ( 10.2%)
              zixl_L1U-r73L8 [R]~_zixl                                  44       0.1 (  4.4%)
              zixl_I1ePr-rP4O [E]~_zixl                                 22       0.1 (  4.2%)
              zixl_I1ZPt1-5A2i56i1S [T]~_zixl                          115       0.1 (  4.0%)
              zixl_55-ASSdP3Ir1 [Y]~_zixl                              797       0.1 (  2.9%)
              zixl_re1AL-reA3515 [T]~_zixl                             180       0.0 (  1.4%)
              <zixl_I152>~_zixl                                                  1.7 ( 61.2%)
            zixl_irY-rPL6iq3I1xi62gIPL2i1I [E]~_zixl                    23       2.1 ( 40.1%)
            zixl_irY-I1512dPet1I5 [E]~_zixl                             23       0.2 (  3.9%)
            zixl_55-I1512 [T]~_zixl                                     23       0.1 (  1.1%)
            zixl_5r5-I1512 [E]~_zixl                                    23       0.1 (  1.1%)
          zixl_irY-I1512dPet1I5 [R]~_zixl                               80       1.4 (  1.4%)
          zixl_irY-9A553Z15~_zixl                                        1       1.2 (  1.2%)
            zixl_irY-I1512xi62dPet1I5~_zixl                              1       1.2 ( 96.6%)
              zixl_irY-rPL6iq3I1xi62gIPL2i1I [R]~_zixl                   1       1.0 ( 85.1%)
              zixl_55-I1512 [H]~_zixl                                    2       0.2 ( 14.0%)
            <zixl_I152>~_zixl                                                    0.0 (  3.4%)
          zixl_IAI-4IPt1 [R]~_zixl                                     102       1.2 (  1.2%)
          <zixl_58i441S>~_zixl                                                   1.1 (  1.1%)
      zixl_IAI-51234~_zixl                                              34       1.1 (  1.1%)
        zixl_55-I1512 [R]~_zixl                                        272       0.8 ( 65.9%)
        zixl_IAI-rPL52I3r2~_zixl                                        34       0.0 (  1.6%)
        <zixl_I152>~_zixl                                                        0.4 ( 32.5%)
    zixl_4r-4IPt1~_zixl                                                 35       1.4 (  1.2%)
      zixl_5Pet1 [E]~_zixl                                              35       0.3 ( 18.6%)
      zixl_L1U-tAI [R]~_zixl                                          1457       0.2 ( 12.1%)
      zixl_55-ASSdP3Ir1 [E]~_zixl                                       33       0.0 (  2.8%)
      <zixl_I152>~_zixl                                                          0.9 ( 64.3%)
      <zixl_58i441S>~_zixl                                                       0.0 (  2.3%)
    <zixl_I152>~_zixl                                                           10.0 (  8.9%)

    zixl_irY-52I1Lq271L~_zixl                                          609      33.7 ( 81.9%)
    zixl_irY-Zir~_zixl                                                 342       4.1 (  9.8%)
    zixl_irY-q1L1IAeiz1~_zixl                                          353       3.2 (  7.8%)
  zixl_irY-rPL51r32iPL~_zixl                                          1344      41.2         
    zixl_irY-rPL5~_zixl                                               1222      32.7 ( 79.4%)
      zixl_5r5-5Pet1 [R]~_zixl                                        1222      21.4 ( 65.6%)
      zixl_irY-52A21p6 [E]~_zixl                                       429       9.8 ( 29.8%)
      <zixl_I152>~_zixl                                                          1.1 (  3.5%)
      <zixl_58i441S>~_zixl                                                       0.4 (  1.1%)
    zixl_irY-rPL5E~_zixl                                               122       8.4 ( 20.5%)
      zixl_5Pet1 [D]~_zixl                                             122       1.1 ( 13.4%)
      zixl_L1U-tAI [H]~_zixl                                         12666       1.0 ( 11.6%)
      zixl_55-ASSdP3Ir1 [D]~_zixl                                      814       0.3 (  4.1%)
      <zixl_I152>~_zixl                                                          5.9 ( 70.3%)

    zixl_irY-yA51bA515~_zixl                                            91       2.2 (  6.5%)
    zixl_5r5-5Pet1~_zixl                                              1698       5.5 ( 16.4%)
    zixl_irY-52A21p6[gIPL2i1I]~_zixl                                    85       1.1 (  3.2%)
    zixl_irY-rPL5E~_zixl                                               122       1.1 (  3.4%)
    zixl_irY-34~_zixl                                                  171       0.4 (  1.2%)
    zixl_irY-52A21p6~_zixl                                             429       2.1 (  6.4%)
    zixl_8eit1-ASSdb~_zixl                                             320      21.0 ( 62.2%)
  zixl_5Pet1~_zixl                                                    2951      33.8         
    zixl_3LSP [Y]~_zixl                                                840       2.6 (  7.8%)
    zixl_I1ZPt1-5A2i56i1S [E]~_zixl                                   1130       0.8 (  2.5%)
    zixl_re1AL-reA3515 [E]~_zixl                                       948       0.5 (  1.5%)
    zixl_ALAeOz1~_zixl                                                 493       0.4 (  1.1%)
      zixl_q1L1IA21-reA351~_zixl                                       493       0.1 ( 35.1%)
      zixl_y3Z4-tAI5~_zixl                                             493       0.1 ( 23.0%)
      zixl_ZiLiZiz1-rPL6eir2~_zixl                                     493       0.1 ( 15.5%)
      zixl_6iLi57~_zixl                                                493       0.0 ( 13.7%)
      <zixl_I152>~_zixl                                                          0.0 ( 12.7%)
    <zixl_I152>~_zixl                                                           29.1 ( 86.0%)
    <zixl_58i441S>~_zixl                                                         0.4 (  1.0%)

    zixl_irY-yA51bA515~_zixl                                            11       1.5 (  4.7%)
    zixl_irY-5Pet1~_zixl                                                 9      30.8 ( 95.3%)
  zixl_IAI-6iI1dA61~_zixl                                               20      32.3         
    zixl_8eit1-ASSdb~_zixl                                               1      23.7 ( 73.4%)
      zixl_5Pet1 [H]~_zixl                                             320      21.0 ( 88.5%)
      zixl_L1U-tAI [RK]~_zixl                                         2854       0.6 (  2.6%)
      <zixl_I152>~_zixl                                                          2.0 (  8.6%)
    zixl_IAI-I16iL1~_zixl                                               19       7.9 ( 24.3%)
      zixl_IAI-5iZhPAe5 [E]~_zixl                                       36       5.5 ( 69.6%)
      zixl_IAI-I16iL1-6iI1~_zixl                                        17       2.0 ( 25.9%)
        zixl_IAI-5iZhPAe5 [R]~_zixl                                     17       1.8 ( 86.1%)
        zixl_1LIir7-2IAr1~_zixl                                         16       0.2 ( 10.5%)
        zixl_IAI-I1SPNIAr1 [R]~_zixl                                    17       0.1 (  2.5%)
      zixl_IAI-192IAr2 [E]~_zixl                                        19       0.3 (  3.4%)
    zixl_95eAt1-6iI1-2IAr1~_zixl                                         8       0.4 (  1.2%)
      zixl_A5iP-51LS [J]~_zixl                                           8       0.1 ( 33.4%)
      <zixl_I152>~_zixl                                                          0.3 ( 66.6%)

    zixl_irY-52I1Lq271L~_zixl                                          168       0.9 (  3.8%)
    zixl_irY-rPL5~_zixl                                               1222      21.4 ( 93.5%)
    zixl_irY-U1A8bPL51r32iPL~_zixl                                     223       0.4 (  2.0%)
  zixl_5r5-5Pet1~_zixl                                                1698      22.9         
    zixl_55-ZAI8~_zixl                                                1698       6.8 ( 29.8%)
      <zixl_I152>~_zixl                                                          6.8 ( 99.8%)
    zixl_5Pet1 [T]~_zixl                                              1698       5.5 ( 24.2%)
    zixl_L1U-tAI [K]~_zixl                                           21595       1.4 (  6.1%)
    <zixl_I152>~_zixl                                                            9.0 ( 39.2%)

    zixl_irY-rPL5~_zixl                                                429       9.8 ( 99.6%)
  zixl_irY-52A21p6~_zixl                                               439       9.8         
    zixl_5Pet1 [G]~_zixl                                               429       2.1 ( 21.9%)
    zixl_52A21p6-52S~_zixl                                             429       1.0 ( 10.5%)
      <zixl_I152>~_zixl                                                          1.0 ( 99.6%)
    zixl_L1U-tAI [RY]~_zixl                                          10262       0.8 (  8.1%)
    zixl_55-ASSdP3Ir1 [G]~_zixl                                        168       0.2 (  2.0%)
    <zixl_I152>~_zixl                                                            5.5 ( 56.5%)

  <zixl_58i441S>~_zixl                                                          38.6 (  5.2%)

================================================================================
== Profile: PEAK-MEMORY, CPU-freq = 5.20 GHz
                                                          Calls   Peak-Mb         
                                                                                  

    <zixl_543IiP35>~_zixl                                                1      12.0 (100.0%)
  zixl_5eAt1-I3L-ePP4~_zixl                                              1      12.0         
    zixl_5eAt1-I3L-1LqiL1~_zixl                                         38      12.0 (100.0%)
      zixl_IAI-iZ4e-5Pet1 [E]~_zixl                                     36      12.0 (100.0%)

    zixl_5eAt1-I3L-1LqiL1~_zixl                                         36      12.0 (100.0%)
  zixl_IAI-iZ4e-5Pet1~_zixl                                             37      12.0         
    zixl_IAI-5Pet1~_zixl                                                35      12.0 (100.0%)
      zixl_IAI-51234~_zixl                                              34       8.0 ( 66.7%)
        zixl_55-I1512 [R]~_zixl                                        272       8.0 (100.0%)
      zixl_IAI-5Pet1-5Pet1~_zixl                                        34       4.0 ( 33.3%)
        zixl_irY-5Pet1~_zixl                                            34       4.0 (100.0%)
          zixl_irY-5Pet1[rPL6iq3I1]~_zixl                               23       4.0 (100.0%)
            zixl_irY-rPL6iq3I1gIPL2i1I~_zixl                            23       4.0 (100.0%)
              zixl_L1U-r73L8 [R]~_zixl                                  44       4.0 (100.0%)

    zixl_55-I1512~_zixl                                                495       8.0 ( 66.7%)
    zixl_irY-rPL6iq3I1gIPL2i1I~_zixl                                    44       4.0 ( 33.3%)
  zixl_L1U-r73L8~_zixl                                                 563      12.0         

    zixl_IAI-51234~_zixl                                               272       8.0 (100.0%)
  zixl_55-I1512~_zixl                                                  495       8.0         
    zixl_L1U-r73L8 [E]~_zixl                                           495       8.0 (100.0%)

