# 
# Questa Static Verification System
# Version 2019.2_1 linux_x86_64 18 May 2019

log created Mon Nov 27 21:52:24 2023 by yl5334 on cadpc01


Command: netlist elaborate
Command arguments:
    -zdb
      /homes/user/stud/fall23/yl5334/tutorials_6863/quickstart_propcheck/Output_Results/qcache/DB/zdb_1
    -tool propcheck
    -d fifo
    -cuname fifo


## Elaborating Design...
Reading MTI mapping for library mapping
Writing all MTI mappings to vmap output ...

Top level modules:
	fifo

Analyzing design...
-- Loading module z0in_work.fifo
Optimizing 1 design-unit (inlining 0/1 module instances):
-- Optimizing module z0in_work.fifo(fast)
Optimized design name is zi_opt_csl_661151700_1
Identified prefix 'fifo'.
End of log Mon Nov 27 21:52:28 2023


# 
# Questa Static Verification System
# Version 2019.2_1 linux_x86_64 18 May 2019

log created Mon Nov 27 21:52:28 2023 by yl5334 on cadpc01


Command: netlist create
Command arguments:
    -zdb
      /homes/user/stud/fall23/yl5334/tutorials_6863/quickstart_propcheck/Output_Results/qcache/DB/zdb_1
    -tool propcheck
    -d fifo
    -cuname fifo


## Synthesizing netlist...
Processing module 'fifo'
Elaborating module 'fifo'.

##Time Taken (Synthesis) = 550000.000000 ticks = 0.550000 secs

End of log Mon Nov 27 21:52:30 2023


# 
# Questa Static Verification System
# Version 2019.2_1 linux_x86_64 18 May 2019

log created Mon Nov 27 21:52:30 2023 by yl5334 on cadpc01


Command: formal compile
Command arguments:
    -zdb
      /homes/user/stud/fall23/yl5334/tutorials_6863/quickstart_propcheck/Output_Results/qcache/DB/zdb_1
    -d fifo
    -cuname fifo


## Processing Formal Logic...
Processing module 'fifo'
Restoring module 'fifo'.
Flattening design 'fifo'.
Info    : Detected reset.  Reset: rst, polarity: synchronous, active: high.  [netlist-12]
Info    : Detected clock.  Clock: clk, polarity: posedge.  [netlist-11]
Design is processed for formal verification.  Design 'fifo'.

Clocks
------------------------------------------------------------------------------
Port                                   Period         Waveform    Edges
------------------------------------------------------------------------------
clk                                        10              0 5    PE   
------------------------------------------------------------------------------

Blackboxes
------------------------------------------------------------------------------
Module name                                                Reason
------------------------------------------------------------------------------
<no blackboxed modules>
------------------------------------------------------------------------------

Inferred directives
------------------------------------------------------------------------------
<no inferred directives>
------------------------------------------------------------------------------

Design is linked for formal analysis.  Design 'fifo'.
Formal model has been created.

Property Summary
-------------------------------------------------------------------------------
Total  Directives :9
Assert Directives :2
Assume Directives :0
Cover  Directives :7

SVA Summary
-------------------------------------------------------------------------------
SVA Directive Type        Directives           Checkers
-------------------------------------------------------------------------------
Assert                         2                   2
Assume                         0                   0
Cover                          7                   7
-------------------------------------------------------------------------------

To see results in the GUI run:
qverify /homes/user/stud/fall23/yl5334/tutorials_6863/quickstart_propcheck/Output_Results/formal_compile.db


Message Summary
---------------------------------------------------------------------------
Count  Type     Message ID         Summary
---------------------------------------------------------------------------
    1  Info     netlist-11         Detected clock.
    1  Info     netlist-12         Detected reset.

Final Process Statistics: Max memory 631MB, CPU time 2s, Total time 9s
End of log Mon Nov 27 21:52:33 2023


