# 
# Questa Static Verification System
# Version 2019.2_1 linux_x86_64 18 May 2019


Command-line arguments:
	-jobs 4 \ 
	-init qs_files/wb_arbiter.init \ 
	-timeout 5m 

Warning : Deprecated option to '* verify' command.  Option '-init'. Use 'formal init' directive instead.  [formal-303]
Info    : Using initialization sequence file to initialize design state.  File '/homes/user/stud/fall23/yl5334/tutorials_6863/quickstart_propcheck/qs_files/wb_arbiter.init'.  [formal-205]
Applying synthesis semantics to design: fifo
[00:00:00] Status: Done 0/9, Update 0/9, Proof radius min=0, avg=0.0, Mem=0GB
[00:00:00] Established connection with process, Hostname=cadpc01, pid=23102.
[00:00:00] Established connection with process, Hostname=cadpc01, pid=23106.
[00:00:00] Established connection with process, Hostname=cadpc01, pid=23112.
[00:00:00] Established connection with process, Hostname=cadpc01, pid=23118.
[00:00:00] Covered @1: fifo_cover_ent_0
[00:00:00] Covered @2: fifo_cover_ent_1
[00:00:00] Covered @5: fifo_cover_ent_4
[00:00:00] Covered @3: fifo_cover_ent_2
[00:00:00] Covered @4: fifo_cover_ent_3
[00:00:00] Uncoverable: fifo_cover_ent_5
[00:00:00] Fired @5: fifo_out_is_full
[00:00:00] Fired @1: fifo_out_is_empty
[00:00:00] Uncoverable: fifo_cover_ent_6
[00:00:00] Status: Done 9/9, Update 9/9, Proof radius min=N/A, avg=N/A, Mem=1GB

---------------------------------------
Property Summary                  Count
---------------------------------------
Assumed                               0
Proven                                0
Covered                               5
Inconclusive                          0
Fired                                 2
Uncoverable                           2
---------------------------------------
Total                                 9
---------------------------------------


--------- Process Statistics ----------
Elapsed Time                       0 s 
-------- Orchestration Process --------
------------ cadpc01:23094 ------------
CPU Time                           0 s 
Peak Memory                      0.4 GB
---------- Engine Processes -----------
------------ cadpc01:23102 ------------
CPU Time                           0 s 
Peak Memory                      0.1 GB
CPU Utilization                    0 % 
------------ cadpc01:23106 ------------
CPU Time                           0 s 
Peak Memory                      0.3 GB
CPU Utilization                    0 % 
------------ cadpc01:23112 ------------
CPU Time                           0 s 
Peak Memory                      0.1 GB
CPU Utilization                    0 % 
------------ cadpc01:23118 ------------
CPU Time                           0 s 
Peak Memory                      0.1 GB
CPU Utilization                    0 % 
---------------------------------------


Message Summary
---------------------------------------------------------------------------
Count  Type     Message ID         Summary
---------------------------------------------------------------------------
    1  Warning  formal-303         Deprecated option to '* verify' command.
    1  Info     formal-205         Using initialization sequence file to initialize design state.

Final Process Statistics: Peak Memory 0.35GB, Cumulative CPU Time 0s, Elapsed Time 0s

To see results in the GUI run:
qverify /homes/user/stud/fall23/yl5334/tutorials_6863/quickstart_propcheck/Output_Results/formal_verify.db

