================================================================================
== Profile: REAL-TIME, CPU-freq = 5.20 GHz
                                                          Calls Real-Time  Parent 
                                                                   (secs) fraction

    <zixl_543IiP35>~_zixl                                                1       1.8 (100.0%)
  zixl_z57-ZAiL~_zixl                                                    1       1.8         
    zixl_zi_iSe2_I3L_tP42~_zixl                                          1       1.3 ( 71.5%)
      zixl_iSe2-4IPr155~_zixl                                            1       1.3 ( 99.8%)
        zixl_tP42-ZAiL~_zixl                                             1       0.9 ( 69.3%)
          <zixl_I152>~_zixl                                                      0.9 ( 99.1%)
        zixl_iSe2-5At1~_zixl                                             1       0.0 (  1.6%)
          zixl_42-5At1~_zixl                                             3       0.0 ( 41.2%)
          zixl_32q-5At1~_zixl                                            1       0.0 ( 16.3%)
          <zixl_I152>~_zixl                                                      0.0 ( 42.5%)
        <zixl_I152>~_zixl                                                        0.4 ( 29.2%)
    <zixl_I152>~_zixl                                                            0.5 ( 28.5%)


================================================================================
== Profile: PEAK-MEMORY, CPU-freq = 5.20 GHz
                                                          Calls   Peak-Mb         
                                                                                  

    <zixl_543IiP35>~_zixl                                                1      20.0 (100.0%)
  zixl_z57-ZAiL~_zixl                                                    1      20.0         
    zixl_zi_iSe2_I3L_tP42~_zixl                                          1      16.0 ( 80.0%)
      zixl_iSe2-4IPr155~_zixl                                            1      16.0 (100.0%)
        zixl_tP42-ZAiL~_zixl                                             1      12.0 ( 75.0%)
          <zixl_I152>~_zixl                                                     12.0 (100.0%)
        <zixl_I152>~_zixl                                                        4.0 ( 25.0%)
    <zixl_I152>~_zixl                                                            4.0 ( 20.0%)

