================================================================================
== Profile: REAL-TIME, CPU-freq = 5.20 GHz
                                                          Calls Real-Time  Parent 
                                                                  (milli) fraction

    <zixl_543IiP35>~_zixl                                                1     984.1 (100.0%)
  zixl_z57-ZAiL~_zixl                                                    1     984.1         
    zixl_zi_iSe2_I3L_tP42~_zixl                                          1     603.9 ( 61.4%)
      zixl_iSe2-4IPr155~_zixl                                            1     602.9 ( 99.8%)
        zixl_tP42-ZAiL~_zixl                                             1     345.9 ( 57.4%)
          zixl_zi_iSe2_2IAL5eA21_tePq~_zixl                              9       9.5 (  2.7%)
            zixl_2IAL5eA21-tePq~_zixl                                    9       4.2 ( 43.9%)
              <zixl_I152>~_zixl                                                  4.2 ( 99.7%)
            <zixl_I152>~_zixl                                                    5.3 ( 55.9%)
          <zixl_I152>~_zixl                                                    335.8 ( 97.1%)
        zixl_iSe2-5At1~_zixl                                             1      28.9 (  4.8%)
          zixl_42-5At1~_zixl                                             9      15.4 ( 53.4%)
          zixl_32q-5At1~_zixl                                            1       4.2 ( 14.4%)
          <zixl_I152>~_zixl                                                      9.3 ( 32.1%)
        <zixl_I152>~_zixl                                                      228.1 ( 37.8%)
    <zixl_I152>~_zixl                                                          380.2 ( 38.6%)


================================================================================
== Profile: PEAK-MEMORY, CPU-freq = 5.20 GHz
                                                          Calls   Peak-Mb         
                                                                                  

    <zixl_543IiP35>~_zixl                                                1      36.0 (100.0%)
  zixl_z57-ZAiL~_zixl                                                    1      36.0         
    zixl_zi_iSe2_I3L_tP42~_zixl                                          1      32.0 ( 88.9%)
      zixl_iSe2-4IPr155~_zixl                                            1      32.0 (100.0%)
        zixl_tP42-ZAiL~_zixl                                             1      28.0 ( 87.5%)
          <zixl_I152>~_zixl                                                     28.0 (100.0%)
        zixl_iSe2-5At1~_zixl                                             1       4.0 ( 12.5%)
          zixl_32q-5At1~_zixl                                            1       4.0 (100.0%)
    <zixl_I152>~_zixl                                                            4.0 ( 11.1%)

