================================================================================
== Profile: REAL-TIME, CPU-freq = 5.20 GHz
                                                          Calls Real-Time  Parent 
                                                                   (secs) fraction

    <zixl_543IiP35>~_zixl                                                1       1.1 (100.0%)
  zixl_z57-ZAiL~_zixl                                                    1       1.1         
    zixl_zi_z57_rI1A21_5Le_ALS_4118tAI~_zixl                             1       1.0 ( 92.6%)
      zixl_Qxji1IhIA47bPL2192::q12ji1IhIA47~_zixl                        1       0.7 ( 70.6%)
        zixl_i21-rI1A21~_zixl                                            4       0.7 ( 96.1%)
        <zixl_I152>~_zixl                                                        0.0 (  3.4%)
      zixl_zi_A16_51234_ALS_rI1A21_L12ei52_6PIZAe~_zixl                  1       0.2 ( 24.5%)
        zixl_A16_6PIZAe_rI1A21_SyP_ZPS1e5_SAq~_zixl                      1       0.2 ( 65.7%)
        zixl_A16_6PIZAe_rI1A21_L12ei52~_zixl                             1       0.1 ( 34.1%)
          zixl_zi_A16_6PIZAe_rI1A21_L12ei52~_zixl                        1       0.1 ( 99.8%)
            zixl_zi_SyP_ZPS1e_q12_PI_ZA81_Le_qIA47_r352PZ~_zixl         18       0.1 ( 98.0%)
              zixl_zi_Le_I52I_qIA47_ePrAe~_zixl                          9       0.0 ( 55.1%)
              <zixl_I152>~_zixl                                                  0.0 ( 44.9%)
            zixl_6eA221L_qIA47_I1Ae~_zixl                                9       0.0 (  1.1%)
      zixl_zi_rI1A21_5Le_6IPZ_7i1IqIA47~_zixl                            1       0.0 (  4.6%)
        zixl_jQx-NP-dQx-rI1A2iPL~_zixl                                   1       0.0 ( 80.3%)
          zixl_bPee1r2atoL6P~_zixl                                       1       0.0 ( 25.8%)
            zixl_y35-q12-SIitiLq-194I-6PI-5Le~_zixl                   2400       0.0 ( 74.8%)
              zixl_V94INIAtd344PI2fA2A::ASSd344PI2 [R]~_zixl          1593       0.0 (  1.6%)
              <zixl_I152>~_zixl                                                  0.0 ( 98.3%)
            <zixl_I152>~_zixl                                                    0.0 ( 25.2%)
          zixl_bPLL1r2g323I1bePr8V94I5~_zixl                             1       0.0 ( 22.9%)
            <zixl_I152>~_zixl                                                    0.0 ( 99.3%)
          zixl_bPLt1I2QeV94INPdLeV94I~_zixl                              1       0.0 (  8.1%)
            zixl_y3ieS_194I~_zixl                                     1269       0.0 ( 42.2%)
            zixl_4P52_4IPr155_194I~_zixl                              1269       0.0 (  1.9%)
            <zixl_I152>~_zixl                                                    0.0 ( 55.9%)
          zixl_p42iZiz1QeV94I:p42V94INAye1~_zixl                         1       0.0 (  5.5%)
          zixl_sSSvgie21I5~_zixl                                         1       0.0 (  1.0%)
          <zixl_I152>~_zixl                                                      0.0 ( 35.6%)
          <zixl_58i441S>~_zixl                                                   0.0 (  1.1%)
        <zixl_I152>~_zixl                                                        0.0 ( 19.1%)
    <zixl_I152>~_zixl                                                            0.1 (  7.4%)


================================================================================
== Profile: PEAK-MEMORY, CPU-freq = 5.20 GHz
                                                          Calls   Peak-Mb         
                                                                                  

    <zixl_543IiP35>~_zixl                                                1     292.0 (100.0%)
  zixl_z57-ZAiL~_zixl                                                    1     292.0         
    zixl_zi_z57_rI1A21_5Le_ALS_4118tAI~_zixl                             1     288.0 ( 98.6%)
      zixl_Qxji1IhIA47bPL2192::q12ji1IhIA47~_zixl                        1     136.0 ( 47.2%)
        zixl_i21-rI1A21~_zixl                                            4     136.0 (100.0%)
      zixl_zi_A16_51234_ALS_rI1A21_L12ei52_6PIZAe~_zixl                  1      88.0 ( 30.6%)
        zixl_A16_6PIZAe_rI1A21_L12ei52~_zixl                             1      88.0 (100.0%)
          zixl_zi_A16_6PIZAe_rI1A21_L12ei52~_zixl                        1      88.0 (100.0%)
            zixl_zi_SyP_ZPS1e_q12_PI_ZA81_Le_qIA47_r352PZ~_zixl         18      88.0 (100.0%)
              <zixl_I152>~_zixl                                                 88.0 (100.0%)
      zixl_zi_rI1A21_5Le_6IPZ_7i1IqIA47~_zixl                            1      64.0 ( 22.2%)
        zixl_jQx-NP-dQx-rI1A2iPL~_zixl                                   1      64.0 (100.0%)
          zixl_bPLL1r2g323I1bePr8V94I5~_zixl                             1      64.0 (100.0%)
            <zixl_I152>~_zixl                                                   64.0 (100.0%)
    <zixl_I152>~_zixl                                                            4.0 (  1.4%)

