================================================================================
== Profile: REAL-TIME, CPU-freq = 5.20 GHz
                                                          Calls Real-Time  Parent 
                                                                  (milli) fraction

    <zixl_543IiP35>~_zixl                                                1     504.6 (100.0%)
  zixl_L125A5-ZAiL~_zixl                                                 1     504.6         
    zixl_L125A5-1t1L2-ePP4~_zixl                                         1     500.1 ( 99.1%)
      zixl_L125A5-52AI234~_zixl                                          1      69.3 ( 13.9%)
        zixl_L125A5-iLi2-6ISy~_zixl                                      1      43.4 ( 62.6%)
          zixl_L125A5-ePAS-L12ei52~_zixl                                 1      22.3 ( 51.3%)
            zixl_6ISy-ePAS-L12ei52~_zixl                                 1      22.2 ( 99.8%)
              zixl_I152PI1-5Le~_zixl                                     1      22.2 (100.0%)
                zixl_zi_5Le_rPL2192_I152PI1~_zixl                        1      22.2 ( 99.9%)
                  zixl_5Le-I52I-iLi2iAe-I1q-tAe315~_zixl                 1      16.5 ( 74.4%)
                  <zixl_I152>~_zixl                                              5.5 ( 24.6%)
          zixl_6ISy-rI1A21-6IPZ-6PIZAe-Sy~_zixl                          1      21.1 ( 48.6%)
            zixl_rPZ4Sy-I152PI1~_zixl                                    1      17.4 ( 82.3%)
              zixl_rPZ4Sy-I152PI1-Sy~_zixl                               1      17.4 (100.0%)
                zixl_I152PI1-SSy~_zixl                                   1       5.5 ( 31.7%)
                zixl_I152PI1-4Sy~_zixl                                   1       3.5 ( 20.0%)
                zixl_rPZ4Sy-I152PI1-rSy~_zixl                            1       3.0 ( 17.2%)
                zixl_I152PI1-ArSy~_zixl                                  1       2.9 ( 16.9%)
                <zixl_I152>~_zixl                                                2.5 ( 14.3%)
            <zixl_I152>~_zixl                                                    3.7 ( 17.4%)
        zixl_eir1L51-5OLr-r71r8P32~_zixl                                 1      25.9 ( 37.4%)
      zixl_L125A5-52AI2-I3L~_zixl                                        1      54.9 ( 11.0%)
        zixl_L125A5-34SA21-6ISy~_zixl                                    1      31.1 ( 56.6%)
          zixl_55Z-34SA21-6ISy~_zixl                                     1      12.6 ( 40.5%)
            <zixl_I152>~_zixl                                                   12.5 ( 99.7%)
          zixl_5At1-ArSy [E]~_zixl                                       1       7.3 ( 23.4%)
          <zixl_I152>~_zixl                                                     11.2 ( 36.2%)
        zixl_L125A5-iLi2-55Z~_zixl                                       1       8.9 ( 16.2%)
          zixl_5At1-ArSy [R]~_zixl                                       1       6.0 ( 67.2%)
          zixl_55Zr-I1512-510~_zixl                                      1       2.7 ( 30.3%)
            zixl_55Z-I1512-510~_zixl                                     1       2.7 (100.0%)
          zixl_55Zr-4I14AI1-5Le~_zixl                                    1       0.2 (  2.4%)
            zixl_5Le-eiL8-S15iqL [R]~_zixl                               1       0.0 (  9.6%)
            zixl_bPZ4321VSq1CAt16PIZ5~_zixl                              1       0.0 (  6.2%)
              zixl_dLen1Ii6OV94Ic1IP~_zixl                               2       0.0 ( 38.7%)
                zixl_yy-yy [E]~_zixl                                     1       0.0 ( 17.7%)
                <zixl_I152>~_zixl                                                0.0 ( 82.3%)
              <zixl_I152>~_zixl                                                  0.0 ( 61.3%)
            <zixl_I152>~_zixl                                                    0.2 ( 84.2%)
        zixl_5Ir7-r2Ie-4I14AI1~_zixl                                     1       4.1 (  7.5%)
          zixl_oZ4eiri2bePr8fPZAiLb~_zixl                                1       0.1 (  2.0%)
            zixl_bPZ4321see~_zixl                                        1       0.1 ( 72.9%)
            zixl_zi_5Le_y65_i21IA2PI_iLi2~_zixl                          1       0.0 ( 23.0%)
              zixl_zi_5Le_2P4PePqirAe_5PI2_iLi2~_zixl                    1       0.0 ( 77.4%)
              <zixl_I152>~_zixl                                                  0.0 ( 22.6%)
            zixl_aP43eA21d2AIV94I5~_zixl                                 1       0.0 (  3.5%)
          zixl_5iZ3eA21-iLi2-510~_zixl                                   1       0.1 (  1.7%)
            zixl_A5iP-51LS [F]~_zixl                                     1       0.0 ( 11.3%)
            zixl_diZ3eA21dLeoZ4eb::diZ3eA21 [E]~_zixl                    1       0.0 ( 10.6%)
            zixl_diZ3eA21dLeoZ4eb::bP4OseefNPX~_zixl                     1       0.0 (  1.7%)
            <zixl_I152>~_zixl                                                    0.1 ( 76.5%)
          <zixl_I152>~_zixl                                                      3.9 ( 96.1%)
        zixl_L125A5-rI1A21-yeL~_zixl                                     1       1.9 (  3.4%)
          zixl_5ry-58i4_yLe~_zixl                                        1       1.6 ( 88.8%)
            zixl_yeLdLe-P32~_zixl                                       11       0.6 ( 35.8%)
              zixl_yeLdLe-yy~_zixl                                      14       0.6 ( 97.6%)
                zixl_IUTe-y3ieS-6IPZ-AIIAO~_zixl                         1       0.4 ( 75.2%)
                zixl_yeLdLe-yy-yy~_zixl                                101       0.1 ( 10.2%)
                  zixl_yy-yy [R]~_zixl                                 101       0.1 ( 98.0%)
                  <zixl_I152>~_zixl                                              0.0 (  2.0%)
                <zixl_I152>~_zixl                                                0.1 ( 14.6%)
              <zixl_I152>~_zixl                                                  0.0 (  2.4%)
            <zixl_I152>~_zixl                                                    1.1 ( 64.2%)
          zixl_5ry-6i942~_zixl                                           1       0.2 ( 10.7%)
            zixl_UeLfA2AB1S3r1~_zixl                                     1       0.1 ( 58.1%)
              zixl_UeL-w352i6O~_zixl                                     1       0.1 ( 75.8%)
                zixl_UeL-5LeTUeL~_zixl                                   1       0.1 ( 78.0%)
                zixl_UeL-w352i6O-i~_zixl                                 1       0.0 ( 19.7%)
                  zixl_UeL-5LeTUeL-6iLi57~_zixl                          1       0.0 (  6.7%)
                  <zixl_I152>~_zixl                                              0.0 ( 93.3%)
                <zixl_I152>~_zixl                                                0.0 (  2.2%)
              zixl_UeL-SA2A-ALAeOz1~_zixl                               37       0.0 (  4.0%)
              zixl_UeL-SA2A-511L~_zixl                                   1       0.0 (  3.1%)
              zixl_UeL-SA2A~_zixl                                        1       0.0 (  3.0%)
                zixl_UeL-SA2A-tAI5~_zixl                                 1       0.0 ( 98.1%)
                <zixl_I152>~_zixl                                                0.0 (  1.9%)
              <zixl_I152>~_zixl                                                  0.0 ( 14.0%)
            zixl_6i942-iLi2~_zixl                                        1       0.1 ( 26.5%)
              zixl_diZ3eA21dLeoZ4eb::diZ3eA21 [R]~_zixl                  4       0.0 ( 10.8%)
              <zixl_I152>~_zixl                                                  0.0 ( 89.2%)
            zixl_diZ3eA21dLeoZ4eb::diZ3eA21 [T]~_zixl                    1       0.0 (  1.5%)
            <zixl_I152>~_zixl                                                    0.0 ( 13.9%)
        <zixl_I152>~_zixl                                                        8.9 ( 16.3%)
      <zixl_I152>~_zixl                                                        374.7 ( 74.9%)

    <zixl_543IiP35>~_zixl                                                1     328.7 (100.0%)
  zixl_PIr-27I1AS~_zixl                                                  1     328.7         
    zixl_PIr-I3L~_zixl                                                   1     297.0 ( 90.4%)
      zixl_PIr-ZA521I-I3L-PL1~_zixl                                    135     296.8 ( 99.9%)
        <zixl_I152>~_zixl                                                      296.2 ( 99.8%)
    zixl_PIr-5732SPUL~_zixl                                              1      31.6 (  9.6%)
      <zixl_I152>~_zixl                                                         31.6 ( 99.8%)

    zixl_L125A5-34SA21-6ISy~_zixl                                        1       7.3 ( 54.9%)
    zixl_L125A5-iLi2-55Z~_zixl                                           1       6.0 ( 45.1%)
  zixl_5At1-ArSy~_zixl                                                   2      13.2         


================================================================================
== Profile: PEAK-MEMORY, CPU-freq = 5.20 GHz
                                                          Calls   Peak-Mb         
                                                                                  

    <zixl_543IiP35>~_zixl                                                1     108.0 (100.0%)
  zixl_L125A5-ZAiL~_zixl                                                 1     108.0         
    zixl_L125A5-1t1L2-ePP4~_zixl                                         1     108.0 (100.0%)
      zixl_L125A5-52AI234~_zixl                                          1      84.0 ( 77.8%)
        zixl_L125A5-iLi2-6ISy~_zixl                                      1      84.0 (100.0%)
          zixl_L125A5-ePAS-L12ei52~_zixl                                 1      84.0 (100.0%)
            zixl_6ISy-ePAS-L12ei52~_zixl                                 1      84.0 (100.0%)
              zixl_I152PI1-5Le~_zixl                                     1      84.0 (100.0%)
                zixl_zi_5Le_rPL2192_I152PI1~_zixl                        1      84.0 (100.0%)
                  <zixl_I152>~_zixl                                             84.0 (100.0%)
      zixl_L125A5-52AI2-I3L~_zixl                                        1      24.0 ( 22.2%)
        zixl_L125A5-rI1A21-yeL~_zixl                                     1      24.0 (100.0%)
          zixl_5ry-58i4_yLe~_zixl                                        1      24.0 (100.0%)
            <zixl_I152>~_zixl                                                   24.0 (100.0%)

